[debug] [2025-12-31T15:00:07.924Z] ----------------------------------------------------------------------
[debug] [2025-12-31T15:00:07.927Z] Command:       C:\Program Files\nodejs\node.exe C:\Users\thaku\AppData\Roaming\npm\node_modules\firebase-tools\lib\bin\firebase.js deploy --only hosting
[debug] [2025-12-31T15:00:07.927Z] CLI Version:   15.0.0
[debug] [2025-12-31T15:00:07.927Z] Platform:      win32
[debug] [2025-12-31T15:00:07.927Z] Node Version:  v22.17.1
[debug] [2025-12-31T15:00:07.927Z] Time:          Wed Dec 31 2025 20:30:07 GMT+0530 (India Standard Time)
[debug] [2025-12-31T15:00:07.928Z] ----------------------------------------------------------------------
[debug] 
[debug] [2025-12-31T15:00:09.153Z] > command requires scopes: ["email","openid","https://www.googleapis.com/auth/cloudplatformprojects.readonly","https://www.googleapis.com/auth/firebase","https://www.googleapis.com/auth/cloud-platform"]
[debug] [2025-12-31T15:00:09.154Z] > authorizing via signed-in user (thakuraadarsh1@gmail.com)
[debug] [2025-12-31T15:00:09.154Z] [iam] checking project mf-p-13860 for permissions ["firebase.projects.get","firebasehosting.sites.update"]
[debug] [2025-12-31T15:00:09.154Z] Checked if tokens are valid: true, expires at: 1767196396026
[debug] [2025-12-31T15:00:09.155Z] Checked if tokens are valid: true, expires at: 1767196396026
[debug] [2025-12-31T15:00:09.155Z] >>> [apiv2][query] POST https://cloudresourcemanager.googleapis.com/v1/projects/mf-p-13860:testIamPermissions [none]
[debug] [2025-12-31T15:00:09.155Z] >>> [apiv2][(partial)header] POST https://cloudresourcemanager.googleapis.com/v1/projects/mf-p-13860:testIamPermissions x-goog-quota-user=projects/mf-p-13860
[debug] [2025-12-31T15:00:09.156Z] >>> [apiv2][body] POST https://cloudresourcemanager.googleapis.com/v1/projects/mf-p-13860:testIamPermissions {"permissions":["firebase.projects.get","firebasehosting.sites.update"]}
[debug] [2025-12-31T15:00:10.776Z] <<< [apiv2][status] POST https://cloudresourcemanager.googleapis.com/v1/projects/mf-p-13860:testIamPermissions 200
[debug] [2025-12-31T15:00:10.776Z] <<< [apiv2][body] POST https://cloudresourcemanager.googleapis.com/v1/projects/mf-p-13860:testIamPermissions {"permissions":["firebase.projects.get","firebasehosting.sites.update"]}
[debug] [2025-12-31T15:00:10.777Z] Checked if tokens are valid: true, expires at: 1767196396026
[debug] [2025-12-31T15:00:10.777Z] Checked if tokens are valid: true, expires at: 1767196396026
[debug] [2025-12-31T15:00:10.778Z] >>> [apiv2][query] GET https://firebase.googleapis.com/v1beta1/projects/mf-p-13860 [none]
[debug] [2025-12-31T15:00:11.142Z] <<< [apiv2][status] GET https://firebase.googleapis.com/v1beta1/projects/mf-p-13860 200
[debug] [2025-12-31T15:00:11.142Z] <<< [apiv2][body] GET https://firebase.googleapis.com/v1beta1/projects/mf-p-13860 {"projectId":"mf-p-13860","projectNumber":"113893156292","displayName":"Mf p","name":"projects/mf-p-13860","resources":{"hostingSite":"mf-p-13860"},"state":"ACTIVE","etag":"1_e25677a2-58b5-44b6-b7aa-9b7fb0971476"}
[info] 
[info] === Deploying to 'mf-p-13860'...
[info] 
[info] i  deploying hosting 
[debug] [2025-12-31T15:00:11.148Z] Checked if tokens are valid: true, expires at: 1767196396026
[debug] [2025-12-31T15:00:11.148Z] Checked if tokens are valid: true, expires at: 1767196396026
[debug] [2025-12-31T15:00:11.148Z] >>> [apiv2][query] POST https://firebasehosting.googleapis.com/v1beta1/projects/-/sites/mf-p-13860/versions [none]
[debug] [2025-12-31T15:00:11.148Z] >>> [apiv2][body] POST https://firebasehosting.googleapis.com/v1beta1/projects/-/sites/mf-p-13860/versions {"status":"CREATED","labels":{"deployment-tool":"cli-firebase"}}
[debug] [2025-12-31T15:00:13.194Z] <<< [apiv2][status] POST https://firebasehosting.googleapis.com/v1beta1/projects/-/sites/mf-p-13860/versions 200
[debug] [2025-12-31T15:00:13.194Z] <<< [apiv2][body] POST https://firebasehosting.googleapis.com/v1beta1/projects/-/sites/mf-p-13860/versions {"name":"projects/113893156292/sites/mf-p-13860/versions/7d4cd3fb388a26fd","status":"CREATED","config":{},"labels":{"deployment-tool":"cli-firebase"}}
[info] i  hosting[mf-p-13860]: beginning deploy... 
[info] i  hosting[mf-p-13860]: found 140 files in out 
[debug] [2025-12-31T15:00:13.229Z] [hosting] uploading with 200 concurrency
[debug] [2025-12-31T15:00:13.361Z] Checked if tokens are valid: true, expires at: 1767196396026
[debug] [2025-12-31T15:00:13.361Z] Checked if tokens are valid: true, expires at: 1767196396026
[debug] [2025-12-31T15:00:13.363Z] [hosting] hash cache [b3V0] stored for 140 files
[debug] [2025-12-31T15:00:13.363Z] [hosting][hash queue][FINAL] {"max":102,"min":8,"avg":30.635714285714286,"active":0,"complete":140,"success":140,"errored":0,"retried":0,"total":140,"elapsed":131}
[debug] [2025-12-31T15:00:13.364Z] >>> [apiv2][query] POST https://firebasehosting.googleapis.com/v1beta1/projects/113893156292/sites/mf-p-13860/versions/7d4cd3fb388a26fd:populateFiles [none]
[debug] [2025-12-31T15:00:13.364Z] >>> [apiv2][body] POST https://firebasehosting.googleapis.com/v1beta1/projects/113893156292/sites/mf-p-13860/versions/7d4cd3fb388a26fd:populateFiles {"files":{"/icon.svg":"a8e914260753accac5c5f2baabbdd3103168ed39c4ebc23790caeeb8e5230330","/__next._tree.txt":"3af6b578f9b578ca63df7eaf5c388263e2bb6550e22a1ccaa3d9759a32cae3c6","/__next.__PAGE__.txt":"6b4c2bdd7be2330bf898e517373b92d301cb2a4cb9eb0c4d362444460e62e8c4","/__next._head.txt":"20a1f46748a401487edb21d4f549439eb566e41f5f9e175279524a17cb994e13","/__next._index.txt":"e6ac5b8cb6b7d09a2378bbfab03ca2f2048edea155252daaf29091ec0f2d43f9","/__next._full.txt":"c09fc3639f5df1e6ae47f26e19cb575dc254eb69acb144721e6b2d4b1959d19b","/index.txt":"c09fc3639f5df1e6ae47f26e19cb575dc254eb69acb144721e6b2d4b1959d19b","/index.html":"23d563b725a359fef47c2515584f5a5385bc2284ee47af7bafb1bdd54c86c9b2","/404.html":"0c66e05e939fa26be1b27b6e4c4cac0105b3ca84d37278802f28b3e00b4c1242","/_not-found/__next._tree.txt":"869750c2715b081bc299ba23097c3c70374e62e35945c4d09f8fef42dc90911a","/_not-found/__next._not-found.txt":"050b928416a06d053973a3e6b44a6f4af4916cb017b0860e9e52a5b5f9fe96a2","/_not-found/__next._index.txt":"6d5c9a05b6adaa2d0ba414e6bdba66db0fd2ab183b83c418a5f8a0014bccd2d7","/_not-found/__next._head.txt":"b73079f674b437182bf59063e1d38060d7b28883d9c319a65b45b35f9a70d24f","/_not-found/__next._full.txt":"dc991448deddff99956b887957a611dce7b9e91429238549ad7ddc7f02a5a27e","/_not-found/__next._not-found/__PAGE__.txt":"d3c8b1bacf47c8d607c6942dc58db866ec50678373332b0e8717c8b0a3f7607d","/_not-found/index.html":"0c66e05e939fa26be1b27b6e4c4cac0105b3ca84d37278802f28b3e00b4c1242","/_not-found/index.txt":"dc991448deddff99956b887957a611dce7b9e91429238549ad7ddc7f02a5a27e","/_next/static/media/ad66f9afd8947f86-s.7a40eb73.woff2":"21b0ae0980798b857a8228d5c0a8a31372bd0b5db034530c056f3b36b037e482","/_next/static/media/2bbe8d2671613f1f-s.76dcb0b2.woff2":"5ef466d8ca6f4a51fa3751faea59ad2f63b15dbf9782ae4246bcadacc57f6b8f","/_next/static/Egexu-Hj8K1drma4zNl9n/_ssgManifest.js":"dc28a4dc92fe352ed5d2201bd3972ce47691bc8e89e0400a68d1541d0567c6d5","/_next/static/Egexu-Hj8K1drma4zNl9n/_clientMiddlewareManifest.json":"61663fde99b3394d71653f41c19fe91269442622a4a6695f8352a70fbf5ca4c1","/_next/static/Egexu-Hj8K1drma4zNl9n/_buildManifest.js":"dcbe1c9b9159ca21caea98e1bad364012ae284e9551375ca62b83d2811efac91","/_next/static/chunks/turbopack-1d31e8becfd6df63.js":"7582a280938a4f01a5cb6759f0ba0f6a72135a75cc59a1268b7f86c9540fb89c","/_next/static/chunks/ff0965a8395424cf.js":"e77100f56ca2dbfe5b114416de68848b99b353a8715f3bffbbc4ece25349b6a9","/_next/static/chunks/e46b1797c4ee39fd.js":"a49ccb8f93f1ab2d3e9fb9df61070a6274889b6c82e8aabfb5d1ddacc271853a","/_next/static/chunks/db2dba8901420621.js":"51b38b9a6b2a6f3c6649e6d4f869dd7f599edcf05a6c763ab39527315b8d29c9","/_next/static/chunks/ac57c61b86876278.js":"8c17fcfeb4773d42fcc164f0536ac54bcd16379812eea52e4a52af050ded5128","/_next/static/chunks/bf0378abfe59386d.js":"6f0f1d40d3f768d5fb55f4a0ba24d934b99d974cb8989c78c2004bf06df2f79f","/_next/static/chunks/995e3f048cc4882e.js":"431df5163795a9c68988e8186895f6d57d3b8505b91bc51c2f84fb811d54acec","/_next/static/chunks/974563e42cb500a6.js":"f964ffdf9b22c7e011eb3f013a81daf6564bb22ab57fa43ec01c4aa6445b68ed","/_next/static/chunks/79327ac1ff0f0909.js":"3748d3c8f91df58c532151fc52f1ced1ff2b6b0316ee826b11d56059f5f34f31","/_next/static/chunks/7456a639e9f18e7a.js":"d83d82f527e5bad1b3fa0d25e58bc6082a6c83f42be1947f7b1861645484cdc3","/_next/static/chunks/77014e7641916efa.js":"cc62308920158538cfb85ff2bd54c31dfa79b88b983e6d2a356f53c5e37a76a6","/_next/static/chunks/64941f1b59333451.js":"9885e825ed4ff2c628ea7e6c1057b37e61b22985d0b88bf7cc708407c430a833","/_next/static/chunks/4837995b2a1ff73d.js":"2569a5375d0f087514734abb07204e82fc8fff4c41aae492aeba0dd36a355f6d","/_next/static/chunks/3b6e43fee2da743c.js":"302e4a8eda06ae3bcf88118eb6fe6fbc2a217e526f6e632690505fa4b9e2f32c","/_next/static/chunks/35b1ad4d779bca92.js":"273eb56919bd5165cdb7da0409a09b7c1cfa39251cdd62c9c81f8683506979c8","/_next/static/media/9c72aa0f40e4eef8-s.18a48cbc.woff2":"aeb03c5c1522d2fe6f6384711817dbd6cdbbb3dfa99276adf7325e9eacdae1ee","/_next/static/media/5476f68d60460930-s.c995e352.woff2":"c4de9995b3bb8a73da02308cb75721515f897229c3c422e51304e8afc4bdeccd","/_next/static/media/2c55a0e60120577a-s.2a48534a.woff2":"4ca02247386c89e13dde6791dd0632e3f22aaf94e91bc35ece0edf79ff3e0e77","/_next/static/media/83afe278b6a6bb3c-s.p.3a6ba036.woff2":"86835ac53a0e1de04820388d01b501389d5e9311509282b5e3bfbfc752754083","/_next/static/chunks/5d5c9e03d98752b7.js":"cbbc9edd6c16531ff8cca3db074739ad8fd4e71e2ed81d1d9c33eadc69707fcc","/_next/static/chunks/bdde3356e39bd180.js":"456f635a72183cd596c4b1c5bc8236496e1a3c1fc7d15d96877bfc3a4cc35e68","/_next/static/chunks/a6dad97d9634a72d.js.map":"0ce95a7dc0a71d593e3a7a3ec49b53a7e46d4548bec6deee69991f040671e828","/_next/static/chunks/30f0100cf1897133.js":"f4dd4eb390fb782618a239cefd3f602d63b52a7497920997e28beed0fe40f856","/_next/static/chunks/32ec4a6d6481c291.css":"8d95b457fe9551d65670a221827fb04a6a942d047c323ec1eca19dc484f53ca0","/_next/static/chunks/1d861f0450339842.js":"9a214bc29f7edb4c83d6663ca129e896e2805461b650aa499bc5e8b820b621c0","/_next/static/chunks/1ce3f84a562acedb.js":"6fe0c94e3563e85a1e6d4c46d57111f606d34acbef50e494beb64c85eaf8181a","/_next/static/chunks/0b2b643ca3e66cee.js":"6cae5ee590c24d88a582e617b32222e4f7d411addc54af084eba222b32ac36bc","/_next/static/chunks/03d700d1133eae58.js":"9fef709bc8edf50b3bd75d28abc1930b7d7cd8cf0e441e047f2ec20aa5025e67","/_next/static/chunks/18e5adfa530d4f9a.js":"c6d79f34f3bb646a8bd29e6515302803ea7b389fbe27f28fb0e414a6454f2bed","/results/__next._tree.txt":"5e4fc08b2e9675d49bcfacba4833552dbd17a6cfcc2d660c4376b8c704e2d444","/results/__next._index.txt":"e6ac5b8cb6b7d09a2378bbfab03ca2f2048edea155252daaf29091ec0f2d43f9","/_next/static/chunks/a6dad97d9634a72d.js":"18e28d3214eda45048d80d3925ea7627b809e69ad2e95f7f98459e9146a61c3d","/results/__next._head.txt":"20a1f46748a401487edb21d4f549439eb566e41f5f9e175279524a17cb994e13","/results/__next._full.txt":"55e2241cd699870e7104d15d86a02f17dfe0de2577018803b9b0ec84f04aaaff","/results/__next.results.txt":"331f28435c6d78d18f83d16b4c8f87a1cce1fbdd8558b5379743b9361a141c0d","/results/index.txt":"55e2241cd699870e7104d15d86a02f17dfe0de2577018803b9b0ec84f04aaaff","/results/index.html":"8ecfd79c124f57a79cd2b4bde0e9754d1ef5f794a2490cef0b67ec04e2e9efa4","/results/__next.results/__PAGE__.txt":"cba72d65046c09f670a101593162424b12ab21210746f048cc73c3a71677060d","/register/__next._tree.txt":"ad9e4313c30895338fb34d8f255a7a3233817430f6726d7ac79619902f71ef45","/register/__next._index.txt":"e6ac5b8cb6b7d09a2378bbfab03ca2f2048edea155252daaf29091ec0f2d43f9","/register/__next._head.txt":"20a1f46748a401487edb21d4f549439eb566e41f5f9e175279524a17cb994e13","/register/__next._full.txt":"4b2d044107f1e8a622686bd050fc3cc1eebc66657bec5b3b5e4a904b2aafd17e","/register/__next.register.txt":"b5ddde029f3acb983b38c11bce7bde52abcc5e70e979e118dae2504fcad68216","/register/index.txt":"4b2d044107f1e8a622686bd050fc3cc1eebc66657bec5b3b5e4a904b2aafd17e","/register/__next.register/__PAGE__.txt":"4e803ba38ff0c91a3291c43f77d8f2c3dd9d2b13332eeecbab25dc2bf8e74923","/rebalance/__next._tree.txt":"f6a7511fc5e441c21734464f5e67a31b004418fbefa81f7e193b8e50b955243c","/register/index.html":"eaf1a0b318b7018e7d47fd2dcf91019c44b1148ed1778e8dc3afc328bbea8384","/rebalance/__next._index.txt":"e6ac5b8cb6b7d09a2378bbfab03ca2f2048edea155252daaf29091ec0f2d43f9","/rebalance/__next._head.txt":"20a1f46748a401487edb21d4f549439eb566e41f5f9e175279524a17cb994e13","/rebalance/__next._full.txt":"52747b80de9768dec47055f146d93148bcdbc7810206e27c598b23ef205977d5","/rebalance/__next.rebalance.txt":"b5ddde029f3acb983b38c11bce7bde52abcc5e70e979e118dae2504fcad68216","/rebalance/index.txt":"52747b80de9768dec47055f146d93148bcdbc7810206e27c598b23ef205977d5","/rebalance/index.html":"c7c16f684bf025e8412ba69b290e5b77a14b1c225624e69389ebd7ddf22176a7","/rebalance/__next.rebalance/__PAGE__.txt":"bf6c2a332c12711b146d0c451eebd8fe4d5ce7e72b7eaae6601216cb8b68fbdb","/portfolio/__next._tree.txt":"9af3acde89d57f78087dc9454f68e384ed35c79bfd6bec8987a76e29eb84bc3f","/portfolio/__next._index.txt":"e6ac5b8cb6b7d09a2378bbfab03ca2f2048edea155252daaf29091ec0f2d43f9","/portfolio/__next._head.txt":"20a1f46748a401487edb21d4f549439eb566e41f5f9e175279524a17cb994e13","/portfolio/__next._full.txt":"29513026ce4c57ddeb4fd623d8ceb41d4fd9d304599314a788ebb66772bddee6","/_next/static/chunks/e16b9cd2e2e083b3.js":"bac6940977345d531d6657504ae695cc38bb0de85ca6cfdddeb75556ae02d56e","/portfolio/__next.portfolio.txt":"b5ddde029f3acb983b38c11bce7bde52abcc5e70e979e118dae2504fcad68216","/portfolio/index.txt":"29513026ce4c57ddeb4fd623d8ceb41d4fd9d304599314a788ebb66772bddee6","/portfolio/index.html":"9ec5ccece6944206af23491e510aeedb9a8dcde2384eb1fa2034f4491c5a06ef","/_next/static/chunks/6fb3eeafeee00787.js":"ab41b6b7005326f47c0a83baa90f04b419db6d3cc4454c602168ab992759843c","/portfolio/__next.portfolio/__PAGE__.txt":"7f42e52ee333bf4733eb762808cd5202498ec02a0d4864401457cb8b9dce03b1","/login/__next._tree.txt":"47a1c01f1a08d2a2a4d6fbbe188a6e685a6e404e9d4ff971df0c960564ca3ba6","/login/__next._index.txt":"e6ac5b8cb6b7d09a2378bbfab03ca2f2048edea155252daaf29091ec0f2d43f9","/_next/static/media/1bffadaabf893a1e-s.7cd81963.woff2":"cd2992a875e4939d47289a3cc44c8b8a0e63817f4cc9fbd8b3bdf93b5f66fbb3","/_next/static/chunks/d52d01b913f86fe1.js":"5ce7450098e21cf73297ded4dae2b9317ad0c7872c8de6ff4f20cb468af295bd","/login/__next._head.txt":"20a1f46748a401487edb21d4f549439eb566e41f5f9e175279524a17cb994e13","/login/__next._full.txt":"2137ea3089140dea509340e2d8c55957d56dd31b33509cd7d2d4f040ff2d7b30","/login/__next.login.txt":"b5ddde029f3acb983b38c11bce7bde52abcc5e70e979e118dae2504fcad68216","/login/index.txt":"2137ea3089140dea509340e2d8c55957d56dd31b33509cd7d2d4f040ff2d7b30","/login/index.html":"e1cae451f168fbbe5d8a95dbb5fe5c2981f98d1ef1496fc5ff1bac84a0267011","/login/__next.login/__PAGE__.txt":"1ca079a88e25b79e5e11930887894469af24797d7c2a2fe305a2dc89321cc246","/intake/__next._tree.txt":"66fb28d68f14de1493390fe563fa31fb9759905dea7da873fc107b419d87772f","/intake/__next._head.txt":"20a1f46748a401487edb21d4f549439eb566e41f5f9e175279524a17cb994e13","/intake/__next._index.txt":"e6ac5b8cb6b7d09a2378bbfab03ca2f2048edea155252daaf29091ec0f2d43f9","/intake/__next.intake.txt":"b5ddde029f3acb983b38c11bce7bde52abcc5e70e979e118dae2504fcad68216","/intake/__next._full.txt":"595103904c00d78d8543ccea6df3e9f4a777096f09bd2031c3ab4a5f9f1edabd","/intake/index.txt":"595103904c00d78d8543ccea6df3e9f4a777096f09bd2031c3ab4a5f9f1edabd","/intake/index.html":"f1ac5c825d15e70f65e9ebe1f7647be6e837c0ec9b4706072c6f4d558b8e1eb6","/intake/__next.intake/__PAGE__.txt":"2042ec28ff00e27e0b30aa77b7e9760920ac64ac58e1ad19386b3bfd50bf2c20","/history/__next._tree.txt":"4692f9171e1b3c23e6886f2a77820c17d5015961e786a98f82bb700a42187f9d","/history/__next._index.txt":"e6ac5b8cb6b7d09a2378bbfab03ca2f2048edea155252daaf29091ec0f2d43f9","/history/__next._head.txt":"20a1f46748a401487edb21d4f549439eb566e41f5f9e175279524a17cb994e13","/history/__next.history.txt":"b5ddde029f3acb983b38c11bce7bde52abcc5e70e979e118dae2504fcad68216","/history/__next._full.txt":"53a30fa17d48ecf1d2648fe5c074cd1f2d187591fd96bba82fd56c028cdd42e3","/history/index.txt":"53a30fa17d48ecf1d2648fe5c074cd1f2d187591fd96bba82fd56c028cdd42e3","/history/__next.history/__PAGE__.txt":"2cebd66fc6a927bcdaf9fe0bbf63f6e579b375a5751dc0f8fc32fcae094757cf","/history/index.html":"2501bd3d1cce32fa4c69110cd543d08d136ea7dce4c722c5a6108476c44e3790","/funds/__next._tree.txt":"803f1bab913495054c29043115c6507eb43c7fe9219e612c82c6144c9d07cda8","/funds/__next._index.txt":"e6ac5b8cb6b7d09a2378bbfab03ca2f2048edea155252daaf29091ec0f2d43f9","/funds/__next._head.txt":"20a1f46748a401487edb21d4f549439eb566e41f5f9e175279524a17cb994e13","/funds/__next._full.txt":"e32f562ed1d47d86289e57fb887fca464f35fa653b83fd6c70b153acbe201454","/funds/__next.funds.txt":"6da3b3dc380748d9b6b3233f4e51a05dc01324174c3356f4c379f6d62cceb505","/funds/index.txt":"e32f562ed1d47d86289e57fb887fca464f35fa653b83fd6c70b153acbe201454","/funds/__next.funds/__PAGE__.txt":"21234862cfe80e0ea4a5666a58c08458b6cb31575e8c27618d6e1ec2a9972f07","/funds/index.html":"b4dfc74597621b7455f29146387c9fda6d93450fd1c2a7bb6c6c05ad1a66594d","/_next/static/chunks/7f134031bafdec69.js":"ba46f2539ff11a1bb833108688426e8834cdb4aa631cbf715968e933dfe13fdd","/compare/__next._tree.txt":"bcea96fd96d9bf301873434b2f4498f8157a55c4c5ab5ad6d53d5047477f53f4","/compare/__next._index.txt":"e6ac5b8cb6b7d09a2378bbfab03ca2f2048edea155252daaf29091ec0f2d43f9","/compare/__next._head.txt":"20a1f46748a401487edb21d4f549439eb566e41f5f9e175279524a17cb994e13","/compare/__next._full.txt":"5cd80cd2d7eaaaec7c3b73cf102343c78ccbf2075c8cfa6284776d80cfddfe61","/compare/__next.compare.txt":"b5ddde029f3acb983b38c11bce7bde52abcc5e70e979e118dae2504fcad68216","/compare/index.txt":"5cd80cd2d7eaaaec7c3b73cf102343c78ccbf2075c8cfa6284776d80cfddfe61","/compare/index.html":"c81681f31bacbdc8f8708dab3695c8d6f7aae092e8301c15382bf69a9822d24e","/compare/__next.compare/__PAGE__.txt":"c8885833186e46bc0af144ccbfb9f47cbf219812350282aa2e415c13e6e275a3","/analytics/__next._tree.txt":"97ceba0509d9414e7b093e79f4b0256b112201508773f12551cba79ef17bc3b5","/analytics/__next._index.txt":"e6ac5b8cb6b7d09a2378bbfab03ca2f2048edea155252daaf29091ec0f2d43f9","/analytics/__next._head.txt":"20a1f46748a401487edb21d4f549439eb566e41f5f9e175279524a17cb994e13","/analytics/__next._full.txt":"dc02f3151ba30a738c76ba2a18bc463e701a0561af58d243bb30b3fd84f1b339","/analytics/__next.analytics.txt":"b5ddde029f3acb983b38c11bce7bde52abcc5e70e979e118dae2504fcad68216","/analytics/index.txt":"dc02f3151ba30a738c76ba2a18bc463e701a0561af58d243bb30b3fd84f1b339","/analytics/index.html":"1e4675283fc8f15aebd455200c0af1f0a27729bedeb2b3546d396da8db7311b7","/analytics/__next.analytics/__PAGE__.txt":"70ea315426c88bd2100e03be81ab7f4b9463e6ba0530803a6bf03a5ffb0b29c8","/404/index.html":"0c66e05e939fa26be1b27b6e4c4cac0105b3ca84d37278802f28b3e00b4c1242","/_next/static/chunks/36ab46b9374492a2.js":"e240e86d110668c1e13ba8d414ff65b37b25435a60aab4024fc93729fc6b5cb8","/_next/static/chunks/128e2f1f9d91db20.js":"c1a797dc00663021b3e2faa365f081557c3b881dfe712fe7af1dc8241434fb8e"}}
[debug] [2025-12-31T15:00:13.974Z] <<< [apiv2][status] POST https://firebasehosting.googleapis.com/v1beta1/projects/113893156292/sites/mf-p-13860/versions/7d4cd3fb388a26fd:populateFiles 200
[debug] [2025-12-31T15:00:13.974Z] <<< [apiv2][body] POST https://firebasehosting.googleapis.com/v1beta1/projects/113893156292/sites/mf-p-13860/versions/7d4cd3fb388a26fd:populateFiles {"uploadRequiredHashes":["d3c8b1bacf47c8d607c6942dc58db866ec50678373332b0e8717c8b0a3f7607d","66fb28d68f14de1493390fe563fa31fb9759905dea7da873fc107b419d87772f","9a214bc29f7edb4c83d6663ca129e896e2805461b650aa499bc5e8b820b621c0","6da3b3dc380748d9b6b3233f4e51a05dc01324174c3356f4c379f6d62cceb505","cba72d65046c09f670a101593162424b12ab21210746f048cc73c3a71677060d","4e803ba38ff0c91a3291c43f77d8f2c3dd9d2b13332eeecbab25dc2bf8e74923","595103904c00d78d8543ccea6df3e9f4a777096f09bd2031c3ab4a5f9f1edabd","6d5c9a05b6adaa2d0ba414e6bdba66db0fd2ab183b83c418a5f8a0014bccd2d7","23d563b725a359fef47c2515584f5a5385bc2284ee47af7bafb1bdd54c86c9b2","9ec5ccece6944206af23491e510aeedb9a8dcde2384eb1fa2034f4491c5a06ef","4b2d044107f1e8a622686bd050fc3cc1eebc66657bec5b3b5e4a904b2aafd17e","53a30fa17d48ecf1d2648fe5c074cd1f2d187591fd96bba82fd56c028cdd42e3","4692f9171e1b3c23e6886f2a77820c17d5015961e786a98f82bb700a42187f9d","2042ec28ff00e27e0b30aa77b7e9760920ac64ac58e1ad19386b3bfd50bf2c20","dc02f3151ba30a738c76ba2a18bc463e701a0561af58d243bb30b3fd84f1b339","70ea315426c88bd2100e03be81ab7f4b9463e6ba0530803a6bf03a5ffb0b29c8","050b928416a06d053973a3e6b44a6f4af4916cb017b0860e9e52a5b5f9fe96a2","2cebd66fc6a927bcdaf9fe0bbf63f6e579b375a5751dc0f8fc32fcae094757cf","803f1bab913495054c29043115c6507eb43c7fe9219e612c82c6144c9d07cda8","2501bd3d1cce32fa4c69110cd543d08d136ea7dce4c722c5a6108476c44e3790","52747b80de9768dec47055f146d93148bcdbc7810206e27c598b23ef205977d5","b4dfc74597621b7455f29146387c9fda6d93450fd1c2a7bb6c6c05ad1a66594d","2137ea3089140dea509340e2d8c55957d56dd31b33509cd7d2d4f040ff2d7b30","5cd80cd2d7eaaaec7c3b73cf102343c78ccbf2075c8cfa6284776d80cfddfe61","9af3acde89d57f78087dc9454f68e384ed35c79bfd6bec8987a76e29eb84bc3f","e32f562ed1d47d86289e57fb887fca464f35fa653b83fd6c70b153acbe201454","47a1c01f1a08d2a2a4d6fbbe188a6e685a6e404e9d4ff971df0c960564ca3ba6","dc991448deddff99956b887957a611dce7b9e91429238549ad7ddc7f02a5a27e","ad9e4313c30895338fb34d8f255a7a3233817430f6726d7ac79619902f71ef45","6b4c2bdd7be2330bf898e517373b92d301cb2a4cb9eb0c4d362444460e62e8c4","f1ac5c825d15e70f65e9ebe1f7647be6e837c0ec9b4706072c6f4d558b8e1eb6","21234862cfe80e0ea4a5666a58c08458b6cb31575e8c27618d6e1ec2a9972f07","8ecfd79c124f57a79cd2b4bde0e9754d1ef5f794a2490cef0b67ec04e2e9efa4","869750c2715b081bc299ba23097c3c70374e62e35945c4d09f8fef42dc90911a","c7c16f684bf025e8412ba69b290e5b77a14b1c225624e69389ebd7ddf22176a7","c8885833186e46bc0af144ccbfb9f47cbf219812350282aa2e415c13e6e275a3","f6a7511fc5e441c21734464f5e67a31b004418fbefa81f7e193b8e50b955243c","c09fc3639f5df1e6ae47f26e19cb575dc254eb69acb144721e6b2d4b1959d19b","c81681f31bacbdc8f8708dab3695c8d6f7aae092e8301c15382bf69a9822d24e","20a1f46748a401487edb21d4f549439eb566e41f5f9e175279524a17cb994e13","bcea96fd96d9bf301873434b2f4498f8157a55c4c5ab5ad6d53d5047477f53f4","0c66e05e939fa26be1b27b6e4c4cac0105b3ca84d37278802f28b3e00b4c1242","b73079f674b437182bf59063e1d38060d7b28883d9c319a65b45b35f9a70d24f","3af6b578f9b578ca63df7eaf5c388263e2bb6550e22a1ccaa3d9759a32cae3c6","5e4fc08b2e9675d49bcfacba4833552dbd17a6cfcc2d660c4376b8c704e2d444","1e4675283fc8f15aebd455200c0af1f0a27729bedeb2b3546d396da8db7311b7","331f28435c6d78d18f83d16b4c8f87a1cce1fbdd8558b5379743b9361a141c0d","7f42e52ee333bf4733eb762808cd5202498ec02a0d4864401457cb8b9dce03b1","55e2241cd699870e7104d15d86a02f17dfe0de2577018803b9b0ec84f04aaaff","97ceba0509d9414e7b093e79f4b0256b112201508773f12551cba79ef17bc3b5","1ca079a88e25b79e5e11930887894469af24797d7c2a2fe305a2dc89321cc246","29513026ce4c57ddeb4fd623d8ceb41d4fd9d304599314a788ebb66772bddee6","e6ac5b8cb6b7d09a2378bbfab03ca2f2048edea155252daaf29091ec0f2d43f9","bf6c2a332c12711b146d0c451eebd8fe4d5ce7e72b7eaae6601216cb8b68fbdb","e1cae451f168fbbe5d8a95dbb5fe5c2981f98d1ef1496fc5ff1bac84a0267011","b5ddde029f3acb983b38c11bce7bde52abcc5e70e979e118dae2504fcad68216","eaf1a0b318b7018e7d47fd2dcf91019c44b1148ed1778e8dc3afc328bbea8384"],"uploadUrl":"https://upload-firebasehosting.googleapis.com/upload/sites/mf-p-13860/versions/7d4cd3fb388a26fd/files"}
[debug] [2025-12-31T15:00:13.974Z] Checked if tokens are valid: true, expires at: 1767196396026
[debug] [2025-12-31T15:00:13.974Z] Checked if tokens are valid: true, expires at: 1767196396026
[debug] [2025-12-31T15:00:13.975Z] Checked if tokens are valid: true, expires at: 1767196396026
[debug] [2025-12-31T15:00:13.975Z] Checked if tokens are valid: true, expires at: 1767196396026
[debug] [2025-12-31T15:00:13.975Z] Checked if tokens are valid: true, expires at: 1767196396026
[debug] [2025-12-31T15:00:13.975Z] Checked if tokens are valid: true, expires at: 1767196396026
[debug] [2025-12-31T15:00:13.975Z] Checked if tokens are valid: true, expires at: 1767196396026
[debug] [2025-12-31T15:00:13.976Z] Checked if tokens are valid: true, expires at: 1767196396026
[debug] [2025-12-31T15:00:13.976Z] Checked if tokens are valid: true, expires at: 1767196396026
[debug] [2025-12-31T15:00:13.976Z] Checked if tokens are valid: true, expires at: 1767196396026
[debug] [2025-12-31T15:00:13.976Z] Checked if tokens are valid: true, expires at: 1767196396026
[debug] [2025-12-31T15:00:13.976Z] Checked if tokens are valid: true, expires at: 1767196396026
[debug] [2025-12-31T15:00:13.976Z] Checked if tokens are valid: true, expires at: 1767196396026
[debug] [2025-12-31T15:00:13.976Z] Checked if tokens are valid: true, expires at: 1767196396026
[debug] [2025-12-31T15:00:13.976Z] Checked if tokens are valid: true, expires at: 1767196396026
[debug] [2025-12-31T15:00:13.976Z] Checked if tokens are valid: true, expires at: 1767196396026
[debug] [2025-12-31T15:00:13.976Z] Checked if tokens are valid: true, expires at: 1767196396026
[debug] [2025-12-31T15:00:13.977Z] Checked if tokens are valid: true, expires at: 1767196396026
[debug] [2025-12-31T15:00:13.977Z] Checked if tokens are valid: true, expires at: 1767196396026
[debug] [2025-12-31T15:00:13.977Z] Checked if tokens are valid: true, expires at: 1767196396026
[debug] [2025-12-31T15:00:13.977Z] Checked if tokens are valid: true, expires at: 1767196396026
[debug] [2025-12-31T15:00:13.977Z] Checked if tokens are valid: true, expires at: 1767196396026
[debug] [2025-12-31T15:00:13.977Z] Checked if tokens are valid: true, expires at: 1767196396026
[debug] [2025-12-31T15:00:13.977Z] Checked if tokens are valid: true, expires at: 1767196396026
[debug] [2025-12-31T15:00:13.977Z] Checked if tokens are valid: true, expires at: 1767196396026
[debug] [2025-12-31T15:00:13.977Z] Checked if tokens are valid: true, expires at: 1767196396026
[debug] [2025-12-31T15:00:13.978Z] Checked if tokens are valid: true, expires at: 1767196396026
[debug] [2025-12-31T15:00:13.978Z] Checked if tokens are valid: true, expires at: 1767196396026
[debug] [2025-12-31T15:00:13.978Z] Checked if tokens are valid: true, expires at: 1767196396026
[debug] [2025-12-31T15:00:13.978Z] Checked if tokens are valid: true, expires at: 1767196396026
[debug] [2025-12-31T15:00:13.978Z] Checked if tokens are valid: true, expires at: 1767196396026
[debug] [2025-12-31T15:00:13.978Z] Checked if tokens are valid: true, expires at: 1767196396026
[debug] [2025-12-31T15:00:13.978Z] Checked if tokens are valid: true, expires at: 1767196396026
[debug] [2025-12-31T15:00:13.978Z] Checked if tokens are valid: true, expires at: 1767196396026
[debug] [2025-12-31T15:00:13.978Z] Checked if tokens are valid: true, expires at: 1767196396026
[debug] [2025-12-31T15:00:13.979Z] Checked if tokens are valid: true, expires at: 1767196396026
[debug] [2025-12-31T15:00:13.979Z] Checked if tokens are valid: true, expires at: 1767196396026
[debug] [2025-12-31T15:00:13.979Z] Checked if tokens are valid: true, expires at: 1767196396026
[debug] [2025-12-31T15:00:13.979Z] Checked if tokens are valid: true, expires at: 1767196396026
[debug] [2025-12-31T15:00:13.979Z] Checked if tokens are valid: true, expires at: 1767196396026
[debug] [2025-12-31T15:00:13.979Z] Checked if tokens are valid: true, expires at: 1767196396026
[debug] [2025-12-31T15:00:13.979Z] Checked if tokens are valid: true, expires at: 1767196396026
[debug] [2025-12-31T15:00:13.979Z] Checked if tokens are valid: true, expires at: 1767196396026
[debug] [2025-12-31T15:00:13.979Z] Checked if tokens are valid: true, expires at: 1767196396026
[debug] [2025-12-31T15:00:13.979Z] Checked if tokens are valid: true, expires at: 1767196396026
[debug] [2025-12-31T15:00:13.980Z] Checked if tokens are valid: true, expires at: 1767196396026
[debug] [2025-12-31T15:00:13.980Z] Checked if tokens are valid: true, expires at: 1767196396026
[debug] [2025-12-31T15:00:13.980Z] Checked if tokens are valid: true, expires at: 1767196396026
[debug] [2025-12-31T15:00:13.980Z] Checked if tokens are valid: true, expires at: 1767196396026
[debug] [2025-12-31T15:00:13.980Z] Checked if tokens are valid: true, expires at: 1767196396026
[debug] [2025-12-31T15:00:13.980Z] Checked if tokens are valid: true, expires at: 1767196396026
[debug] [2025-12-31T15:00:13.980Z] Checked if tokens are valid: true, expires at: 1767196396026
[debug] [2025-12-31T15:00:13.980Z] Checked if tokens are valid: true, expires at: 1767196396026
[debug] [2025-12-31T15:00:13.980Z] Checked if tokens are valid: true, expires at: 1767196396026
[debug] [2025-12-31T15:00:13.980Z] Checked if tokens are valid: true, expires at: 1767196396026
[debug] [2025-12-31T15:00:13.980Z] Checked if tokens are valid: true, expires at: 1767196396026
[debug] [2025-12-31T15:00:13.980Z] Checked if tokens are valid: true, expires at: 1767196396026
[debug] [2025-12-31T15:00:13.980Z] Checked if tokens are valid: true, expires at: 1767196396026
[debug] [2025-12-31T15:00:13.981Z] Checked if tokens are valid: true, expires at: 1767196396026
[debug] [2025-12-31T15:00:13.981Z] Checked if tokens are valid: true, expires at: 1767196396026
[debug] [2025-12-31T15:00:13.981Z] Checked if tokens are valid: true, expires at: 1767196396026
[debug] [2025-12-31T15:00:13.981Z] Checked if tokens are valid: true, expires at: 1767196396026
[debug] [2025-12-31T15:00:13.981Z] Checked if tokens are valid: true, expires at: 1767196396026
[debug] [2025-12-31T15:00:13.981Z] Checked if tokens are valid: true, expires at: 1767196396026
[debug] [2025-12-31T15:00:13.981Z] Checked if tokens are valid: true, expires at: 1767196396026
[debug] [2025-12-31T15:00:13.981Z] Checked if tokens are valid: true, expires at: 1767196396026
[debug] [2025-12-31T15:00:13.982Z] Checked if tokens are valid: true, expires at: 1767196396026
[debug] [2025-12-31T15:00:13.982Z] Checked if tokens are valid: true, expires at: 1767196396026
[debug] [2025-12-31T15:00:13.983Z] Checked if tokens are valid: true, expires at: 1767196396026
[debug] [2025-12-31T15:00:13.983Z] Checked if tokens are valid: true, expires at: 1767196396026
[debug] [2025-12-31T15:00:13.983Z] Checked if tokens are valid: true, expires at: 1767196396026
[debug] [2025-12-31T15:00:13.983Z] Checked if tokens are valid: true, expires at: 1767196396026
[debug] [2025-12-31T15:00:13.983Z] Checked if tokens are valid: true, expires at: 1767196396026
[debug] [2025-12-31T15:00:13.983Z] Checked if tokens are valid: true, expires at: 1767196396026
[debug] [2025-12-31T15:00:13.983Z] Checked if tokens are valid: true, expires at: 1767196396026
[debug] [2025-12-31T15:00:13.983Z] Checked if tokens are valid: true, expires at: 1767196396026
[debug] [2025-12-31T15:00:13.983Z] Checked if tokens are valid: true, expires at: 1767196396026
[debug] [2025-12-31T15:00:13.983Z] Checked if tokens are valid: true, expires at: 1767196396026
[debug] [2025-12-31T15:00:13.983Z] Checked if tokens are valid: true, expires at: 1767196396026
[debug] [2025-12-31T15:00:13.984Z] Checked if tokens are valid: true, expires at: 1767196396026
[debug] [2025-12-31T15:00:13.984Z] Checked if tokens are valid: true, expires at: 1767196396026
[debug] [2025-12-31T15:00:13.984Z] Checked if tokens are valid: true, expires at: 1767196396026
[debug] [2025-12-31T15:00:13.984Z] Checked if tokens are valid: true, expires at: 1767196396026
[debug] [2025-12-31T15:00:13.984Z] Checked if tokens are valid: true, expires at: 1767196396026
[debug] [2025-12-31T15:00:13.984Z] Checked if tokens are valid: true, expires at: 1767196396026
[debug] [2025-12-31T15:00:13.984Z] Checked if tokens are valid: true, expires at: 1767196396026
[debug] [2025-12-31T15:00:13.984Z] Checked if tokens are valid: true, expires at: 1767196396026
[debug] [2025-12-31T15:00:13.984Z] Checked if tokens are valid: true, expires at: 1767196396026
[debug] [2025-12-31T15:00:13.984Z] Checked if tokens are valid: true, expires at: 1767196396026
[debug] [2025-12-31T15:00:13.984Z] Checked if tokens are valid: true, expires at: 1767196396026
[debug] [2025-12-31T15:00:13.985Z] Checked if tokens are valid: true, expires at: 1767196396026
[debug] [2025-12-31T15:00:13.985Z] Checked if tokens are valid: true, expires at: 1767196396026
[debug] [2025-12-31T15:00:13.985Z] Checked if tokens are valid: true, expires at: 1767196396026
[debug] [2025-12-31T15:00:13.985Z] Checked if tokens are valid: true, expires at: 1767196396026
[debug] [2025-12-31T15:00:13.985Z] Checked if tokens are valid: true, expires at: 1767196396026
[debug] [2025-12-31T15:00:13.985Z] Checked if tokens are valid: true, expires at: 1767196396026
[debug] [2025-12-31T15:00:13.985Z] Checked if tokens are valid: true, expires at: 1767196396026
[debug] [2025-12-31T15:00:13.985Z] Checked if tokens are valid: true, expires at: 1767196396026
[debug] [2025-12-31T15:00:13.986Z] Checked if tokens are valid: true, expires at: 1767196396026
[debug] [2025-12-31T15:00:13.986Z] Checked if tokens are valid: true, expires at: 1767196396026
[debug] [2025-12-31T15:00:13.986Z] Checked if tokens are valid: true, expires at: 1767196396026
[debug] [2025-12-31T15:00:13.986Z] Checked if tokens are valid: true, expires at: 1767196396026
[debug] [2025-12-31T15:00:13.986Z] Checked if tokens are valid: true, expires at: 1767196396026
[debug] [2025-12-31T15:00:13.986Z] Checked if tokens are valid: true, expires at: 1767196396026
[debug] [2025-12-31T15:00:13.986Z] Checked if tokens are valid: true, expires at: 1767196396026
[debug] [2025-12-31T15:00:13.986Z] Checked if tokens are valid: true, expires at: 1767196396026
[debug] [2025-12-31T15:00:13.986Z] Checked if tokens are valid: true, expires at: 1767196396026
[debug] [2025-12-31T15:00:13.986Z] Checked if tokens are valid: true, expires at: 1767196396026
[debug] [2025-12-31T15:00:13.986Z] Checked if tokens are valid: true, expires at: 1767196396026
[debug] [2025-12-31T15:00:13.986Z] Checked if tokens are valid: true, expires at: 1767196396026
[debug] [2025-12-31T15:00:13.987Z] Checked if tokens are valid: true, expires at: 1767196396026
[debug] [2025-12-31T15:00:13.987Z] Checked if tokens are valid: true, expires at: 1767196396026
[debug] [2025-12-31T15:00:13.987Z] Checked if tokens are valid: true, expires at: 1767196396026
[debug] [2025-12-31T15:00:13.987Z] Checked if tokens are valid: true, expires at: 1767196396026
[debug] [2025-12-31T15:00:13.987Z] >>> [apiv2][query] POST https://upload-firebasehosting.googleapis.com/upload/sites/mf-p-13860/versions/7d4cd3fb388a26fd/files/d3c8b1bacf47c8d607c6942dc58db866ec50678373332b0e8717c8b0a3f7607d [none]
[debug] [2025-12-31T15:00:13.987Z] >>> [apiv2][body] POST https://upload-firebasehosting.googleapis.com/upload/sites/mf-p-13860/versions/7d4cd3fb388a26fd/files/d3c8b1bacf47c8d607c6942dc58db866ec50678373332b0e8717c8b0a3f7607d [stream]
[debug] [2025-12-31T15:00:13.989Z] >>> [apiv2][query] POST https://upload-firebasehosting.googleapis.com/upload/sites/mf-p-13860/versions/7d4cd3fb388a26fd/files/66fb28d68f14de1493390fe563fa31fb9759905dea7da873fc107b419d87772f [none]
[debug] [2025-12-31T15:00:13.989Z] >>> [apiv2][body] POST https://upload-firebasehosting.googleapis.com/upload/sites/mf-p-13860/versions/7d4cd3fb388a26fd/files/66fb28d68f14de1493390fe563fa31fb9759905dea7da873fc107b419d87772f [stream]
[debug] [2025-12-31T15:00:13.990Z] >>> [apiv2][query] POST https://upload-firebasehosting.googleapis.com/upload/sites/mf-p-13860/versions/7d4cd3fb388a26fd/files/9a214bc29f7edb4c83d6663ca129e896e2805461b650aa499bc5e8b820b621c0 [none]
[debug] [2025-12-31T15:00:13.990Z] >>> [apiv2][body] POST https://upload-firebasehosting.googleapis.com/upload/sites/mf-p-13860/versions/7d4cd3fb388a26fd/files/9a214bc29f7edb4c83d6663ca129e896e2805461b650aa499bc5e8b820b621c0 [stream]
[debug] [2025-12-31T15:00:13.991Z] >>> [apiv2][query] POST https://upload-firebasehosting.googleapis.com/upload/sites/mf-p-13860/versions/7d4cd3fb388a26fd/files/6da3b3dc380748d9b6b3233f4e51a05dc01324174c3356f4c379f6d62cceb505 [none]
[debug] [2025-12-31T15:00:13.992Z] >>> [apiv2][body] POST https://upload-firebasehosting.googleapis.com/upload/sites/mf-p-13860/versions/7d4cd3fb388a26fd/files/6da3b3dc380748d9b6b3233f4e51a05dc01324174c3356f4c379f6d62cceb505 [stream]
[debug] [2025-12-31T15:00:13.993Z] >>> [apiv2][query] POST https://upload-firebasehosting.googleapis.com/upload/sites/mf-p-13860/versions/7d4cd3fb388a26fd/files/cba72d65046c09f670a101593162424b12ab21210746f048cc73c3a71677060d [none]
[debug] [2025-12-31T15:00:13.993Z] >>> [apiv2][body] POST https://upload-firebasehosting.googleapis.com/upload/sites/mf-p-13860/versions/7d4cd3fb388a26fd/files/cba72d65046c09f670a101593162424b12ab21210746f048cc73c3a71677060d [stream]
[debug] [2025-12-31T15:00:13.995Z] >>> [apiv2][query] POST https://upload-firebasehosting.googleapis.com/upload/sites/mf-p-13860/versions/7d4cd3fb388a26fd/files/4e803ba38ff0c91a3291c43f77d8f2c3dd9d2b13332eeecbab25dc2bf8e74923 [none]
[debug] [2025-12-31T15:00:13.995Z] >>> [apiv2][body] POST https://upload-firebasehosting.googleapis.com/upload/sites/mf-p-13860/versions/7d4cd3fb388a26fd/files/4e803ba38ff0c91a3291c43f77d8f2c3dd9d2b13332eeecbab25dc2bf8e74923 [stream]
[debug] [2025-12-31T15:00:13.997Z] >>> [apiv2][query] POST https://upload-firebasehosting.googleapis.com/upload/sites/mf-p-13860/versions/7d4cd3fb388a26fd/files/595103904c00d78d8543ccea6df3e9f4a777096f09bd2031c3ab4a5f9f1edabd [none]
[debug] [2025-12-31T15:00:13.997Z] >>> [apiv2][body] POST https://upload-firebasehosting.googleapis.com/upload/sites/mf-p-13860/versions/7d4cd3fb388a26fd/files/595103904c00d78d8543ccea6df3e9f4a777096f09bd2031c3ab4a5f9f1edabd [stream]
[debug] [2025-12-31T15:00:13.998Z] >>> [apiv2][query] POST https://upload-firebasehosting.googleapis.com/upload/sites/mf-p-13860/versions/7d4cd3fb388a26fd/files/6d5c9a05b6adaa2d0ba414e6bdba66db0fd2ab183b83c418a5f8a0014bccd2d7 [none]
[debug] [2025-12-31T15:00:13.998Z] >>> [apiv2][body] POST https://upload-firebasehosting.googleapis.com/upload/sites/mf-p-13860/versions/7d4cd3fb388a26fd/files/6d5c9a05b6adaa2d0ba414e6bdba66db0fd2ab183b83c418a5f8a0014bccd2d7 [stream]
[debug] [2025-12-31T15:00:13.998Z] >>> [apiv2][query] POST https://upload-firebasehosting.googleapis.com/upload/sites/mf-p-13860/versions/7d4cd3fb388a26fd/files/23d563b725a359fef47c2515584f5a5385bc2284ee47af7bafb1bdd54c86c9b2 [none]
[debug] [2025-12-31T15:00:13.998Z] >>> [apiv2][body] POST https://upload-firebasehosting.googleapis.com/upload/sites/mf-p-13860/versions/7d4cd3fb388a26fd/files/23d563b725a359fef47c2515584f5a5385bc2284ee47af7bafb1bdd54c86c9b2 [stream]
[debug] [2025-12-31T15:00:13.999Z] >>> [apiv2][query] POST https://upload-firebasehosting.googleapis.com/upload/sites/mf-p-13860/versions/7d4cd3fb388a26fd/files/9ec5ccece6944206af23491e510aeedb9a8dcde2384eb1fa2034f4491c5a06ef [none]
[debug] [2025-12-31T15:00:13.999Z] >>> [apiv2][body] POST https://upload-firebasehosting.googleapis.com/upload/sites/mf-p-13860/versions/7d4cd3fb388a26fd/files/9ec5ccece6944206af23491e510aeedb9a8dcde2384eb1fa2034f4491c5a06ef [stream]
[debug] [2025-12-31T15:00:14.001Z] >>> [apiv2][query] POST https://upload-firebasehosting.googleapis.com/upload/sites/mf-p-13860/versions/7d4cd3fb388a26fd/files/4b2d044107f1e8a622686bd050fc3cc1eebc66657bec5b3b5e4a904b2aafd17e [none]
[debug] [2025-12-31T15:00:14.001Z] >>> [apiv2][body] POST https://upload-firebasehosting.googleapis.com/upload/sites/mf-p-13860/versions/7d4cd3fb388a26fd/files/4b2d044107f1e8a622686bd050fc3cc1eebc66657bec5b3b5e4a904b2aafd17e [stream]
[debug] [2025-12-31T15:00:14.002Z] >>> [apiv2][query] POST https://upload-firebasehosting.googleapis.com/upload/sites/mf-p-13860/versions/7d4cd3fb388a26fd/files/53a30fa17d48ecf1d2648fe5c074cd1f2d187591fd96bba82fd56c028cdd42e3 [none]
[debug] [2025-12-31T15:00:14.002Z] >>> [apiv2][body] POST https://upload-firebasehosting.googleapis.com/upload/sites/mf-p-13860/versions/7d4cd3fb388a26fd/files/53a30fa17d48ecf1d2648fe5c074cd1f2d187591fd96bba82fd56c028cdd42e3 [stream]
[debug] [2025-12-31T15:00:14.004Z] >>> [apiv2][query] POST https://upload-firebasehosting.googleapis.com/upload/sites/mf-p-13860/versions/7d4cd3fb388a26fd/files/4692f9171e1b3c23e6886f2a77820c17d5015961e786a98f82bb700a42187f9d [none]
[debug] [2025-12-31T15:00:14.004Z] >>> [apiv2][body] POST https://upload-firebasehosting.googleapis.com/upload/sites/mf-p-13860/versions/7d4cd3fb388a26fd/files/4692f9171e1b3c23e6886f2a77820c17d5015961e786a98f82bb700a42187f9d [stream]
[debug] [2025-12-31T15:00:14.005Z] >>> [apiv2][query] POST https://upload-firebasehosting.googleapis.com/upload/sites/mf-p-13860/versions/7d4cd3fb388a26fd/files/2042ec28ff00e27e0b30aa77b7e9760920ac64ac58e1ad19386b3bfd50bf2c20 [none]
[debug] [2025-12-31T15:00:14.005Z] >>> [apiv2][body] POST https://upload-firebasehosting.googleapis.com/upload/sites/mf-p-13860/versions/7d4cd3fb388a26fd/files/2042ec28ff00e27e0b30aa77b7e9760920ac64ac58e1ad19386b3bfd50bf2c20 [stream]
[debug] [2025-12-31T15:00:14.005Z] >>> [apiv2][query] POST https://upload-firebasehosting.googleapis.com/upload/sites/mf-p-13860/versions/7d4cd3fb388a26fd/files/dc02f3151ba30a738c76ba2a18bc463e701a0561af58d243bb30b3fd84f1b339 [none]
[debug] [2025-12-31T15:00:14.006Z] >>> [apiv2][body] POST https://upload-firebasehosting.googleapis.com/upload/sites/mf-p-13860/versions/7d4cd3fb388a26fd/files/dc02f3151ba30a738c76ba2a18bc463e701a0561af58d243bb30b3fd84f1b339 [stream]
[debug] [2025-12-31T15:00:14.007Z] >>> [apiv2][query] POST https://upload-firebasehosting.googleapis.com/upload/sites/mf-p-13860/versions/7d4cd3fb388a26fd/files/70ea315426c88bd2100e03be81ab7f4b9463e6ba0530803a6bf03a5ffb0b29c8 [none]
[debug] [2025-12-31T15:00:14.007Z] >>> [apiv2][body] POST https://upload-firebasehosting.googleapis.com/upload/sites/mf-p-13860/versions/7d4cd3fb388a26fd/files/70ea315426c88bd2100e03be81ab7f4b9463e6ba0530803a6bf03a5ffb0b29c8 [stream]
[debug] [2025-12-31T15:00:14.008Z] >>> [apiv2][query] POST https://upload-firebasehosting.googleapis.com/upload/sites/mf-p-13860/versions/7d4cd3fb388a26fd/files/050b928416a06d053973a3e6b44a6f4af4916cb017b0860e9e52a5b5f9fe96a2 [none]
[debug] [2025-12-31T15:00:14.008Z] >>> [apiv2][body] POST https://upload-firebasehosting.googleapis.com/upload/sites/mf-p-13860/versions/7d4cd3fb388a26fd/files/050b928416a06d053973a3e6b44a6f4af4916cb017b0860e9e52a5b5f9fe96a2 [stream]
[debug] [2025-12-31T15:00:14.009Z] >>> [apiv2][query] POST https://upload-firebasehosting.googleapis.com/upload/sites/mf-p-13860/versions/7d4cd3fb388a26fd/files/2cebd66fc6a927bcdaf9fe0bbf63f6e579b375a5751dc0f8fc32fcae094757cf [none]
[debug] [2025-12-31T15:00:14.009Z] >>> [apiv2][body] POST https://upload-firebasehosting.googleapis.com/upload/sites/mf-p-13860/versions/7d4cd3fb388a26fd/files/2cebd66fc6a927bcdaf9fe0bbf63f6e579b375a5751dc0f8fc32fcae094757cf [stream]
[debug] [2025-12-31T15:00:14.011Z] >>> [apiv2][query] POST https://upload-firebasehosting.googleapis.com/upload/sites/mf-p-13860/versions/7d4cd3fb388a26fd/files/803f1bab913495054c29043115c6507eb43c7fe9219e612c82c6144c9d07cda8 [none]
[debug] [2025-12-31T15:00:14.011Z] >>> [apiv2][body] POST https://upload-firebasehosting.googleapis.com/upload/sites/mf-p-13860/versions/7d4cd3fb388a26fd/files/803f1bab913495054c29043115c6507eb43c7fe9219e612c82c6144c9d07cda8 [stream]
[debug] [2025-12-31T15:00:14.012Z] >>> [apiv2][query] POST https://upload-firebasehosting.googleapis.com/upload/sites/mf-p-13860/versions/7d4cd3fb388a26fd/files/2501bd3d1cce32fa4c69110cd543d08d136ea7dce4c722c5a6108476c44e3790 [none]
[debug] [2025-12-31T15:00:14.012Z] >>> [apiv2][body] POST https://upload-firebasehosting.googleapis.com/upload/sites/mf-p-13860/versions/7d4cd3fb388a26fd/files/2501bd3d1cce32fa4c69110cd543d08d136ea7dce4c722c5a6108476c44e3790 [stream]
[debug] [2025-12-31T15:00:14.013Z] >>> [apiv2][query] POST https://upload-firebasehosting.googleapis.com/upload/sites/mf-p-13860/versions/7d4cd3fb388a26fd/files/52747b80de9768dec47055f146d93148bcdbc7810206e27c598b23ef205977d5 [none]
[debug] [2025-12-31T15:00:14.013Z] >>> [apiv2][body] POST https://upload-firebasehosting.googleapis.com/upload/sites/mf-p-13860/versions/7d4cd3fb388a26fd/files/52747b80de9768dec47055f146d93148bcdbc7810206e27c598b23ef205977d5 [stream]
[debug] [2025-12-31T15:00:14.014Z] >>> [apiv2][query] POST https://upload-firebasehosting.googleapis.com/upload/sites/mf-p-13860/versions/7d4cd3fb388a26fd/files/b4dfc74597621b7455f29146387c9fda6d93450fd1c2a7bb6c6c05ad1a66594d [none]
[debug] [2025-12-31T15:00:14.014Z] >>> [apiv2][body] POST https://upload-firebasehosting.googleapis.com/upload/sites/mf-p-13860/versions/7d4cd3fb388a26fd/files/b4dfc74597621b7455f29146387c9fda6d93450fd1c2a7bb6c6c05ad1a66594d [stream]
[debug] [2025-12-31T15:00:14.015Z] >>> [apiv2][query] POST https://upload-firebasehosting.googleapis.com/upload/sites/mf-p-13860/versions/7d4cd3fb388a26fd/files/2137ea3089140dea509340e2d8c55957d56dd31b33509cd7d2d4f040ff2d7b30 [none]
[debug] [2025-12-31T15:00:14.015Z] >>> [apiv2][body] POST https://upload-firebasehosting.googleapis.com/upload/sites/mf-p-13860/versions/7d4cd3fb388a26fd/files/2137ea3089140dea509340e2d8c55957d56dd31b33509cd7d2d4f040ff2d7b30 [stream]
[debug] [2025-12-31T15:00:14.016Z] >>> [apiv2][query] POST https://upload-firebasehosting.googleapis.com/upload/sites/mf-p-13860/versions/7d4cd3fb388a26fd/files/5cd80cd2d7eaaaec7c3b73cf102343c78ccbf2075c8cfa6284776d80cfddfe61 [none]
[debug] [2025-12-31T15:00:14.016Z] >>> [apiv2][body] POST https://upload-firebasehosting.googleapis.com/upload/sites/mf-p-13860/versions/7d4cd3fb388a26fd/files/5cd80cd2d7eaaaec7c3b73cf102343c78ccbf2075c8cfa6284776d80cfddfe61 [stream]
[debug] [2025-12-31T15:00:14.017Z] >>> [apiv2][query] POST https://upload-firebasehosting.googleapis.com/upload/sites/mf-p-13860/versions/7d4cd3fb388a26fd/files/9af3acde89d57f78087dc9454f68e384ed35c79bfd6bec8987a76e29eb84bc3f [none]
[debug] [2025-12-31T15:00:14.018Z] >>> [apiv2][body] POST https://upload-firebasehosting.googleapis.com/upload/sites/mf-p-13860/versions/7d4cd3fb388a26fd/files/9af3acde89d57f78087dc9454f68e384ed35c79bfd6bec8987a76e29eb84bc3f [stream]
[debug] [2025-12-31T15:00:14.018Z] >>> [apiv2][query] POST https://upload-firebasehosting.googleapis.com/upload/sites/mf-p-13860/versions/7d4cd3fb388a26fd/files/e32f562ed1d47d86289e57fb887fca464f35fa653b83fd6c70b153acbe201454 [none]
[debug] [2025-12-31T15:00:14.018Z] >>> [apiv2][body] POST https://upload-firebasehosting.googleapis.com/upload/sites/mf-p-13860/versions/7d4cd3fb388a26fd/files/e32f562ed1d47d86289e57fb887fca464f35fa653b83fd6c70b153acbe201454 [stream]
[debug] [2025-12-31T15:00:14.019Z] >>> [apiv2][query] POST https://upload-firebasehosting.googleapis.com/upload/sites/mf-p-13860/versions/7d4cd3fb388a26fd/files/47a1c01f1a08d2a2a4d6fbbe188a6e685a6e404e9d4ff971df0c960564ca3ba6 [none]
[debug] [2025-12-31T15:00:14.019Z] >>> [apiv2][body] POST https://upload-firebasehosting.googleapis.com/upload/sites/mf-p-13860/versions/7d4cd3fb388a26fd/files/47a1c01f1a08d2a2a4d6fbbe188a6e685a6e404e9d4ff971df0c960564ca3ba6 [stream]
[debug] [2025-12-31T15:00:14.020Z] >>> [apiv2][query] POST https://upload-firebasehosting.googleapis.com/upload/sites/mf-p-13860/versions/7d4cd3fb388a26fd/files/dc991448deddff99956b887957a611dce7b9e91429238549ad7ddc7f02a5a27e [none]
[debug] [2025-12-31T15:00:14.020Z] >>> [apiv2][body] POST https://upload-firebasehosting.googleapis.com/upload/sites/mf-p-13860/versions/7d4cd3fb388a26fd/files/dc991448deddff99956b887957a611dce7b9e91429238549ad7ddc7f02a5a27e [stream]
[debug] [2025-12-31T15:00:14.021Z] >>> [apiv2][query] POST https://upload-firebasehosting.googleapis.com/upload/sites/mf-p-13860/versions/7d4cd3fb388a26fd/files/ad9e4313c30895338fb34d8f255a7a3233817430f6726d7ac79619902f71ef45 [none]
[debug] [2025-12-31T15:00:14.021Z] >>> [apiv2][body] POST https://upload-firebasehosting.googleapis.com/upload/sites/mf-p-13860/versions/7d4cd3fb388a26fd/files/ad9e4313c30895338fb34d8f255a7a3233817430f6726d7ac79619902f71ef45 [stream]
[debug] [2025-12-31T15:00:14.023Z] >>> [apiv2][query] POST https://upload-firebasehosting.googleapis.com/upload/sites/mf-p-13860/versions/7d4cd3fb388a26fd/files/6b4c2bdd7be2330bf898e517373b92d301cb2a4cb9eb0c4d362444460e62e8c4 [none]
[debug] [2025-12-31T15:00:14.023Z] >>> [apiv2][body] POST https://upload-firebasehosting.googleapis.com/upload/sites/mf-p-13860/versions/7d4cd3fb388a26fd/files/6b4c2bdd7be2330bf898e517373b92d301cb2a4cb9eb0c4d362444460e62e8c4 [stream]
[debug] [2025-12-31T15:00:14.024Z] >>> [apiv2][query] POST https://upload-firebasehosting.googleapis.com/upload/sites/mf-p-13860/versions/7d4cd3fb388a26fd/files/f1ac5c825d15e70f65e9ebe1f7647be6e837c0ec9b4706072c6f4d558b8e1eb6 [none]
[debug] [2025-12-31T15:00:14.025Z] >>> [apiv2][body] POST https://upload-firebasehosting.googleapis.com/upload/sites/mf-p-13860/versions/7d4cd3fb388a26fd/files/f1ac5c825d15e70f65e9ebe1f7647be6e837c0ec9b4706072c6f4d558b8e1eb6 [stream]
[debug] [2025-12-31T15:00:14.026Z] >>> [apiv2][query] POST https://upload-firebasehosting.googleapis.com/upload/sites/mf-p-13860/versions/7d4cd3fb388a26fd/files/21234862cfe80e0ea4a5666a58c08458b6cb31575e8c27618d6e1ec2a9972f07 [none]
[debug] [2025-12-31T15:00:14.026Z] >>> [apiv2][body] POST https://upload-firebasehosting.googleapis.com/upload/sites/mf-p-13860/versions/7d4cd3fb388a26fd/files/21234862cfe80e0ea4a5666a58c08458b6cb31575e8c27618d6e1ec2a9972f07 [stream]
[debug] [2025-12-31T15:00:14.026Z] >>> [apiv2][query] POST https://upload-firebasehosting.googleapis.com/upload/sites/mf-p-13860/versions/7d4cd3fb388a26fd/files/8ecfd79c124f57a79cd2b4bde0e9754d1ef5f794a2490cef0b67ec04e2e9efa4 [none]
[debug] [2025-12-31T15:00:14.027Z] >>> [apiv2][body] POST https://upload-firebasehosting.googleapis.com/upload/sites/mf-p-13860/versions/7d4cd3fb388a26fd/files/8ecfd79c124f57a79cd2b4bde0e9754d1ef5f794a2490cef0b67ec04e2e9efa4 [stream]
[debug] [2025-12-31T15:00:14.027Z] >>> [apiv2][query] POST https://upload-firebasehosting.googleapis.com/upload/sites/mf-p-13860/versions/7d4cd3fb388a26fd/files/869750c2715b081bc299ba23097c3c70374e62e35945c4d09f8fef42dc90911a [none]
[debug] [2025-12-31T15:00:14.028Z] >>> [apiv2][body] POST https://upload-firebasehosting.googleapis.com/upload/sites/mf-p-13860/versions/7d4cd3fb388a26fd/files/869750c2715b081bc299ba23097c3c70374e62e35945c4d09f8fef42dc90911a [stream]
[debug] [2025-12-31T15:00:14.028Z] >>> [apiv2][query] POST https://upload-firebasehosting.googleapis.com/upload/sites/mf-p-13860/versions/7d4cd3fb388a26fd/files/c7c16f684bf025e8412ba69b290e5b77a14b1c225624e69389ebd7ddf22176a7 [none]
[debug] [2025-12-31T15:00:14.028Z] >>> [apiv2][body] POST https://upload-firebasehosting.googleapis.com/upload/sites/mf-p-13860/versions/7d4cd3fb388a26fd/files/c7c16f684bf025e8412ba69b290e5b77a14b1c225624e69389ebd7ddf22176a7 [stream]
[debug] [2025-12-31T15:00:14.029Z] >>> [apiv2][query] POST https://upload-firebasehosting.googleapis.com/upload/sites/mf-p-13860/versions/7d4cd3fb388a26fd/files/c8885833186e46bc0af144ccbfb9f47cbf219812350282aa2e415c13e6e275a3 [none]
[debug] [2025-12-31T15:00:14.029Z] >>> [apiv2][body] POST https://upload-firebasehosting.googleapis.com/upload/sites/mf-p-13860/versions/7d4cd3fb388a26fd/files/c8885833186e46bc0af144ccbfb9f47cbf219812350282aa2e415c13e6e275a3 [stream]
[debug] [2025-12-31T15:00:14.031Z] >>> [apiv2][query] POST https://upload-firebasehosting.googleapis.com/upload/sites/mf-p-13860/versions/7d4cd3fb388a26fd/files/f6a7511fc5e441c21734464f5e67a31b004418fbefa81f7e193b8e50b955243c [none]
[debug] [2025-12-31T15:00:14.031Z] >>> [apiv2][body] POST https://upload-firebasehosting.googleapis.com/upload/sites/mf-p-13860/versions/7d4cd3fb388a26fd/files/f6a7511fc5e441c21734464f5e67a31b004418fbefa81f7e193b8e50b955243c [stream]
[debug] [2025-12-31T15:00:14.032Z] >>> [apiv2][query] POST https://upload-firebasehosting.googleapis.com/upload/sites/mf-p-13860/versions/7d4cd3fb388a26fd/files/c09fc3639f5df1e6ae47f26e19cb575dc254eb69acb144721e6b2d4b1959d19b [none]
[debug] [2025-12-31T15:00:14.032Z] >>> [apiv2][body] POST https://upload-firebasehosting.googleapis.com/upload/sites/mf-p-13860/versions/7d4cd3fb388a26fd/files/c09fc3639f5df1e6ae47f26e19cb575dc254eb69acb144721e6b2d4b1959d19b [stream]
[debug] [2025-12-31T15:00:14.032Z] >>> [apiv2][query] POST https://upload-firebasehosting.googleapis.com/upload/sites/mf-p-13860/versions/7d4cd3fb388a26fd/files/c81681f31bacbdc8f8708dab3695c8d6f7aae092e8301c15382bf69a9822d24e [none]
[debug] [2025-12-31T15:00:14.033Z] >>> [apiv2][body] POST https://upload-firebasehosting.googleapis.com/upload/sites/mf-p-13860/versions/7d4cd3fb388a26fd/files/c81681f31bacbdc8f8708dab3695c8d6f7aae092e8301c15382bf69a9822d24e [stream]
[debug] [2025-12-31T15:00:14.033Z] >>> [apiv2][query] POST https://upload-firebasehosting.googleapis.com/upload/sites/mf-p-13860/versions/7d4cd3fb388a26fd/files/20a1f46748a401487edb21d4f549439eb566e41f5f9e175279524a17cb994e13 [none]
[debug] [2025-12-31T15:00:14.034Z] >>> [apiv2][body] POST https://upload-firebasehosting.googleapis.com/upload/sites/mf-p-13860/versions/7d4cd3fb388a26fd/files/20a1f46748a401487edb21d4f549439eb566e41f5f9e175279524a17cb994e13 [stream]
[debug] [2025-12-31T15:00:14.034Z] >>> [apiv2][query] POST https://upload-firebasehosting.googleapis.com/upload/sites/mf-p-13860/versions/7d4cd3fb388a26fd/files/bcea96fd96d9bf301873434b2f4498f8157a55c4c5ab5ad6d53d5047477f53f4 [none]
[debug] [2025-12-31T15:00:14.034Z] >>> [apiv2][body] POST https://upload-firebasehosting.googleapis.com/upload/sites/mf-p-13860/versions/7d4cd3fb388a26fd/files/bcea96fd96d9bf301873434b2f4498f8157a55c4c5ab5ad6d53d5047477f53f4 [stream]
[debug] [2025-12-31T15:00:14.035Z] >>> [apiv2][query] POST https://upload-firebasehosting.googleapis.com/upload/sites/mf-p-13860/versions/7d4cd3fb388a26fd/files/0c66e05e939fa26be1b27b6e4c4cac0105b3ca84d37278802f28b3e00b4c1242 [none]
[debug] [2025-12-31T15:00:14.035Z] >>> [apiv2][body] POST https://upload-firebasehosting.googleapis.com/upload/sites/mf-p-13860/versions/7d4cd3fb388a26fd/files/0c66e05e939fa26be1b27b6e4c4cac0105b3ca84d37278802f28b3e00b4c1242 [stream]
[debug] [2025-12-31T15:00:14.036Z] >>> [apiv2][query] POST https://upload-firebasehosting.googleapis.com/upload/sites/mf-p-13860/versions/7d4cd3fb388a26fd/files/b73079f674b437182bf59063e1d38060d7b28883d9c319a65b45b35f9a70d24f [none]
[debug] [2025-12-31T15:00:14.036Z] >>> [apiv2][body] POST https://upload-firebasehosting.googleapis.com/upload/sites/mf-p-13860/versions/7d4cd3fb388a26fd/files/b73079f674b437182bf59063e1d38060d7b28883d9c319a65b45b35f9a70d24f [stream]
[debug] [2025-12-31T15:00:14.038Z] >>> [apiv2][query] POST https://upload-firebasehosting.googleapis.com/upload/sites/mf-p-13860/versions/7d4cd3fb388a26fd/files/3af6b578f9b578ca63df7eaf5c388263e2bb6550e22a1ccaa3d9759a32cae3c6 [none]
[debug] [2025-12-31T15:00:14.038Z] >>> [apiv2][body] POST https://upload-firebasehosting.googleapis.com/upload/sites/mf-p-13860/versions/7d4cd3fb388a26fd/files/3af6b578f9b578ca63df7eaf5c388263e2bb6550e22a1ccaa3d9759a32cae3c6 [stream]
[debug] [2025-12-31T15:00:14.039Z] >>> [apiv2][query] POST https://upload-firebasehosting.googleapis.com/upload/sites/mf-p-13860/versions/7d4cd3fb388a26fd/files/5e4fc08b2e9675d49bcfacba4833552dbd17a6cfcc2d660c4376b8c704e2d444 [none]
[debug] [2025-12-31T15:00:14.039Z] >>> [apiv2][body] POST https://upload-firebasehosting.googleapis.com/upload/sites/mf-p-13860/versions/7d4cd3fb388a26fd/files/5e4fc08b2e9675d49bcfacba4833552dbd17a6cfcc2d660c4376b8c704e2d444 [stream]
[debug] [2025-12-31T15:00:14.040Z] >>> [apiv2][query] POST https://upload-firebasehosting.googleapis.com/upload/sites/mf-p-13860/versions/7d4cd3fb388a26fd/files/1e4675283fc8f15aebd455200c0af1f0a27729bedeb2b3546d396da8db7311b7 [none]
[debug] [2025-12-31T15:00:14.040Z] >>> [apiv2][body] POST https://upload-firebasehosting.googleapis.com/upload/sites/mf-p-13860/versions/7d4cd3fb388a26fd/files/1e4675283fc8f15aebd455200c0af1f0a27729bedeb2b3546d396da8db7311b7 [stream]
[debug] [2025-12-31T15:00:14.041Z] >>> [apiv2][query] POST https://upload-firebasehosting.googleapis.com/upload/sites/mf-p-13860/versions/7d4cd3fb388a26fd/files/331f28435c6d78d18f83d16b4c8f87a1cce1fbdd8558b5379743b9361a141c0d [none]
[debug] [2025-12-31T15:00:14.041Z] >>> [apiv2][body] POST https://upload-firebasehosting.googleapis.com/upload/sites/mf-p-13860/versions/7d4cd3fb388a26fd/files/331f28435c6d78d18f83d16b4c8f87a1cce1fbdd8558b5379743b9361a141c0d [stream]
[debug] [2025-12-31T15:00:14.041Z] >>> [apiv2][query] POST https://upload-firebasehosting.googleapis.com/upload/sites/mf-p-13860/versions/7d4cd3fb388a26fd/files/7f42e52ee333bf4733eb762808cd5202498ec02a0d4864401457cb8b9dce03b1 [none]
[debug] [2025-12-31T15:00:14.041Z] >>> [apiv2][body] POST https://upload-firebasehosting.googleapis.com/upload/sites/mf-p-13860/versions/7d4cd3fb388a26fd/files/7f42e52ee333bf4733eb762808cd5202498ec02a0d4864401457cb8b9dce03b1 [stream]
[debug] [2025-12-31T15:00:14.042Z] >>> [apiv2][query] POST https://upload-firebasehosting.googleapis.com/upload/sites/mf-p-13860/versions/7d4cd3fb388a26fd/files/55e2241cd699870e7104d15d86a02f17dfe0de2577018803b9b0ec84f04aaaff [none]
[debug] [2025-12-31T15:00:14.042Z] >>> [apiv2][body] POST https://upload-firebasehosting.googleapis.com/upload/sites/mf-p-13860/versions/7d4cd3fb388a26fd/files/55e2241cd699870e7104d15d86a02f17dfe0de2577018803b9b0ec84f04aaaff [stream]
[debug] [2025-12-31T15:00:14.043Z] >>> [apiv2][query] POST https://upload-firebasehosting.googleapis.com/upload/sites/mf-p-13860/versions/7d4cd3fb388a26fd/files/97ceba0509d9414e7b093e79f4b0256b112201508773f12551cba79ef17bc3b5 [none]
[debug] [2025-12-31T15:00:14.043Z] >>> [apiv2][body] POST https://upload-firebasehosting.googleapis.com/upload/sites/mf-p-13860/versions/7d4cd3fb388a26fd/files/97ceba0509d9414e7b093e79f4b0256b112201508773f12551cba79ef17bc3b5 [stream]
[debug] [2025-12-31T15:00:14.044Z] >>> [apiv2][query] POST https://upload-firebasehosting.googleapis.com/upload/sites/mf-p-13860/versions/7d4cd3fb388a26fd/files/1ca079a88e25b79e5e11930887894469af24797d7c2a2fe305a2dc89321cc246 [none]
[debug] [2025-12-31T15:00:14.044Z] >>> [apiv2][body] POST https://upload-firebasehosting.googleapis.com/upload/sites/mf-p-13860/versions/7d4cd3fb388a26fd/files/1ca079a88e25b79e5e11930887894469af24797d7c2a2fe305a2dc89321cc246 [stream]
[debug] [2025-12-31T15:00:14.045Z] >>> [apiv2][query] POST https://upload-firebasehosting.googleapis.com/upload/sites/mf-p-13860/versions/7d4cd3fb388a26fd/files/29513026ce4c57ddeb4fd623d8ceb41d4fd9d304599314a788ebb66772bddee6 [none]
[debug] [2025-12-31T15:00:14.045Z] >>> [apiv2][body] POST https://upload-firebasehosting.googleapis.com/upload/sites/mf-p-13860/versions/7d4cd3fb388a26fd/files/29513026ce4c57ddeb4fd623d8ceb41d4fd9d304599314a788ebb66772bddee6 [stream]
[debug] [2025-12-31T15:00:14.046Z] >>> [apiv2][query] POST https://upload-firebasehosting.googleapis.com/upload/sites/mf-p-13860/versions/7d4cd3fb388a26fd/files/e6ac5b8cb6b7d09a2378bbfab03ca2f2048edea155252daaf29091ec0f2d43f9 [none]
[debug] [2025-12-31T15:00:14.046Z] >>> [apiv2][body] POST https://upload-firebasehosting.googleapis.com/upload/sites/mf-p-13860/versions/7d4cd3fb388a26fd/files/e6ac5b8cb6b7d09a2378bbfab03ca2f2048edea155252daaf29091ec0f2d43f9 [stream]
[debug] [2025-12-31T15:00:14.047Z] >>> [apiv2][query] POST https://upload-firebasehosting.googleapis.com/upload/sites/mf-p-13860/versions/7d4cd3fb388a26fd/files/bf6c2a332c12711b146d0c451eebd8fe4d5ce7e72b7eaae6601216cb8b68fbdb [none]
[debug] [2025-12-31T15:00:14.047Z] >>> [apiv2][body] POST https://upload-firebasehosting.googleapis.com/upload/sites/mf-p-13860/versions/7d4cd3fb388a26fd/files/bf6c2a332c12711b146d0c451eebd8fe4d5ce7e72b7eaae6601216cb8b68fbdb [stream]
[debug] [2025-12-31T15:00:14.048Z] >>> [apiv2][query] POST https://upload-firebasehosting.googleapis.com/upload/sites/mf-p-13860/versions/7d4cd3fb388a26fd/files/e1cae451f168fbbe5d8a95dbb5fe5c2981f98d1ef1496fc5ff1bac84a0267011 [none]
[debug] [2025-12-31T15:00:14.048Z] >>> [apiv2][body] POST https://upload-firebasehosting.googleapis.com/upload/sites/mf-p-13860/versions/7d4cd3fb388a26fd/files/e1cae451f168fbbe5d8a95dbb5fe5c2981f98d1ef1496fc5ff1bac84a0267011 [stream]
[debug] [2025-12-31T15:00:14.049Z] >>> [apiv2][query] POST https://upload-firebasehosting.googleapis.com/upload/sites/mf-p-13860/versions/7d4cd3fb388a26fd/files/b5ddde029f3acb983b38c11bce7bde52abcc5e70e979e118dae2504fcad68216 [none]
[debug] [2025-12-31T15:00:14.049Z] >>> [apiv2][body] POST https://upload-firebasehosting.googleapis.com/upload/sites/mf-p-13860/versions/7d4cd3fb388a26fd/files/b5ddde029f3acb983b38c11bce7bde52abcc5e70e979e118dae2504fcad68216 [stream]
[debug] [2025-12-31T15:00:14.050Z] >>> [apiv2][query] POST https://upload-firebasehosting.googleapis.com/upload/sites/mf-p-13860/versions/7d4cd3fb388a26fd/files/eaf1a0b318b7018e7d47fd2dcf91019c44b1148ed1778e8dc3afc328bbea8384 [none]
[debug] [2025-12-31T15:00:14.050Z] >>> [apiv2][body] POST https://upload-firebasehosting.googleapis.com/upload/sites/mf-p-13860/versions/7d4cd3fb388a26fd/files/eaf1a0b318b7018e7d47fd2dcf91019c44b1148ed1778e8dc3afc328bbea8384 [stream]
[debug] [2025-12-31T15:00:14.051Z] [hosting][populate queue][FINAL] {"max":626,"min":626,"avg":626,"active":0,"complete":1,"success":1,"errored":0,"retried":0,"total":1,"elapsed":690}
[debug] [2025-12-31T15:00:14.051Z] [hosting] uploads queued: 57
[debug] [2025-12-31T15:00:15.277Z] <<< [apiv2][status] POST https://upload-firebasehosting.googleapis.com/upload/sites/mf-p-13860/versions/7d4cd3fb388a26fd/files/2042ec28ff00e27e0b30aa77b7e9760920ac64ac58e1ad19386b3bfd50bf2c20 200
[debug] [2025-12-31T15:00:15.277Z] <<< [apiv2][body] POST https://upload-firebasehosting.googleapis.com/upload/sites/mf-p-13860/versions/7d4cd3fb388a26fd/files/2042ec28ff00e27e0b30aa77b7e9760920ac64ac58e1ad19386b3bfd50bf2c20 [stream]
[debug] [2025-12-31T15:00:15.341Z] <<< [apiv2][status] POST https://upload-firebasehosting.googleapis.com/upload/sites/mf-p-13860/versions/7d4cd3fb388a26fd/files/53a30fa17d48ecf1d2648fe5c074cd1f2d187591fd96bba82fd56c028cdd42e3 200
[debug] [2025-12-31T15:00:15.341Z] <<< [apiv2][body] POST https://upload-firebasehosting.googleapis.com/upload/sites/mf-p-13860/versions/7d4cd3fb388a26fd/files/53a30fa17d48ecf1d2648fe5c074cd1f2d187591fd96bba82fd56c028cdd42e3 [stream]
[debug] [2025-12-31T15:00:15.345Z] <<< [apiv2][status] POST https://upload-firebasehosting.googleapis.com/upload/sites/mf-p-13860/versions/7d4cd3fb388a26fd/files/6da3b3dc380748d9b6b3233f4e51a05dc01324174c3356f4c379f6d62cceb505 200
[debug] [2025-12-31T15:00:15.345Z] <<< [apiv2][body] POST https://upload-firebasehosting.googleapis.com/upload/sites/mf-p-13860/versions/7d4cd3fb388a26fd/files/6da3b3dc380748d9b6b3233f4e51a05dc01324174c3356f4c379f6d62cceb505 [stream]
[debug] [2025-12-31T15:00:15.351Z] <<< [apiv2][status] POST https://upload-firebasehosting.googleapis.com/upload/sites/mf-p-13860/versions/7d4cd3fb388a26fd/files/803f1bab913495054c29043115c6507eb43c7fe9219e612c82c6144c9d07cda8 200
[debug] [2025-12-31T15:00:15.351Z] <<< [apiv2][body] POST https://upload-firebasehosting.googleapis.com/upload/sites/mf-p-13860/versions/7d4cd3fb388a26fd/files/803f1bab913495054c29043115c6507eb43c7fe9219e612c82c6144c9d07cda8 [stream]
[debug] [2025-12-31T15:00:15.352Z] <<< [apiv2][status] POST https://upload-firebasehosting.googleapis.com/upload/sites/mf-p-13860/versions/7d4cd3fb388a26fd/files/bf6c2a332c12711b146d0c451eebd8fe4d5ce7e72b7eaae6601216cb8b68fbdb 200
[debug] [2025-12-31T15:00:15.352Z] <<< [apiv2][body] POST https://upload-firebasehosting.googleapis.com/upload/sites/mf-p-13860/versions/7d4cd3fb388a26fd/files/bf6c2a332c12711b146d0c451eebd8fe4d5ce7e72b7eaae6601216cb8b68fbdb [stream]
[debug] [2025-12-31T15:00:15.354Z] <<< [apiv2][status] POST https://upload-firebasehosting.googleapis.com/upload/sites/mf-p-13860/versions/7d4cd3fb388a26fd/files/b4dfc74597621b7455f29146387c9fda6d93450fd1c2a7bb6c6c05ad1a66594d 200
[debug] [2025-12-31T15:00:15.354Z] <<< [apiv2][body] POST https://upload-firebasehosting.googleapis.com/upload/sites/mf-p-13860/versions/7d4cd3fb388a26fd/files/b4dfc74597621b7455f29146387c9fda6d93450fd1c2a7bb6c6c05ad1a66594d [stream]
[debug] [2025-12-31T15:00:15.357Z] <<< [apiv2][status] POST https://upload-firebasehosting.googleapis.com/upload/sites/mf-p-13860/versions/7d4cd3fb388a26fd/files/9a214bc29f7edb4c83d6663ca129e896e2805461b650aa499bc5e8b820b621c0 200
[debug] [2025-12-31T15:00:15.357Z] <<< [apiv2][body] POST https://upload-firebasehosting.googleapis.com/upload/sites/mf-p-13860/versions/7d4cd3fb388a26fd/files/9a214bc29f7edb4c83d6663ca129e896e2805461b650aa499bc5e8b820b621c0 [stream]
[debug] [2025-12-31T15:00:15.376Z] <<< [apiv2][status] POST https://upload-firebasehosting.googleapis.com/upload/sites/mf-p-13860/versions/7d4cd3fb388a26fd/files/dc02f3151ba30a738c76ba2a18bc463e701a0561af58d243bb30b3fd84f1b339 200
[debug] [2025-12-31T15:00:15.376Z] <<< [apiv2][body] POST https://upload-firebasehosting.googleapis.com/upload/sites/mf-p-13860/versions/7d4cd3fb388a26fd/files/dc02f3151ba30a738c76ba2a18bc463e701a0561af58d243bb30b3fd84f1b339 [stream]
[debug] [2025-12-31T15:00:15.381Z] <<< [apiv2][status] POST https://upload-firebasehosting.googleapis.com/upload/sites/mf-p-13860/versions/7d4cd3fb388a26fd/files/1ca079a88e25b79e5e11930887894469af24797d7c2a2fe305a2dc89321cc246 200
[debug] [2025-12-31T15:00:15.381Z] <<< [apiv2][body] POST https://upload-firebasehosting.googleapis.com/upload/sites/mf-p-13860/versions/7d4cd3fb388a26fd/files/1ca079a88e25b79e5e11930887894469af24797d7c2a2fe305a2dc89321cc246 [stream]
[debug] [2025-12-31T15:00:15.381Z] <<< [apiv2][status] POST https://upload-firebasehosting.googleapis.com/upload/sites/mf-p-13860/versions/7d4cd3fb388a26fd/files/d3c8b1bacf47c8d607c6942dc58db866ec50678373332b0e8717c8b0a3f7607d 200
[debug] [2025-12-31T15:00:15.381Z] <<< [apiv2][body] POST https://upload-firebasehosting.googleapis.com/upload/sites/mf-p-13860/versions/7d4cd3fb388a26fd/files/d3c8b1bacf47c8d607c6942dc58db866ec50678373332b0e8717c8b0a3f7607d [stream]
[debug] [2025-12-31T15:00:15.382Z] <<< [apiv2][status] POST https://upload-firebasehosting.googleapis.com/upload/sites/mf-p-13860/versions/7d4cd3fb388a26fd/files/4692f9171e1b3c23e6886f2a77820c17d5015961e786a98f82bb700a42187f9d 200
[debug] [2025-12-31T15:00:15.382Z] <<< [apiv2][body] POST https://upload-firebasehosting.googleapis.com/upload/sites/mf-p-13860/versions/7d4cd3fb388a26fd/files/4692f9171e1b3c23e6886f2a77820c17d5015961e786a98f82bb700a42187f9d [stream]
[debug] [2025-12-31T15:00:15.387Z] <<< [apiv2][status] POST https://upload-firebasehosting.googleapis.com/upload/sites/mf-p-13860/versions/7d4cd3fb388a26fd/files/050b928416a06d053973a3e6b44a6f4af4916cb017b0860e9e52a5b5f9fe96a2 200
[debug] [2025-12-31T15:00:15.387Z] <<< [apiv2][body] POST https://upload-firebasehosting.googleapis.com/upload/sites/mf-p-13860/versions/7d4cd3fb388a26fd/files/050b928416a06d053973a3e6b44a6f4af4916cb017b0860e9e52a5b5f9fe96a2 [stream]
[debug] [2025-12-31T15:00:15.392Z] <<< [apiv2][status] POST https://upload-firebasehosting.googleapis.com/upload/sites/mf-p-13860/versions/7d4cd3fb388a26fd/files/c8885833186e46bc0af144ccbfb9f47cbf219812350282aa2e415c13e6e275a3 200
[debug] [2025-12-31T15:00:15.392Z] <<< [apiv2][body] POST https://upload-firebasehosting.googleapis.com/upload/sites/mf-p-13860/versions/7d4cd3fb388a26fd/files/c8885833186e46bc0af144ccbfb9f47cbf219812350282aa2e415c13e6e275a3 [stream]
[debug] [2025-12-31T15:00:15.395Z] <<< [apiv2][status] POST https://upload-firebasehosting.googleapis.com/upload/sites/mf-p-13860/versions/7d4cd3fb388a26fd/files/e1cae451f168fbbe5d8a95dbb5fe5c2981f98d1ef1496fc5ff1bac84a0267011 200
[debug] [2025-12-31T15:00:15.396Z] <<< [apiv2][body] POST https://upload-firebasehosting.googleapis.com/upload/sites/mf-p-13860/versions/7d4cd3fb388a26fd/files/e1cae451f168fbbe5d8a95dbb5fe5c2981f98d1ef1496fc5ff1bac84a0267011 [stream]
[debug] [2025-12-31T15:00:15.398Z] <<< [apiv2][status] POST https://upload-firebasehosting.googleapis.com/upload/sites/mf-p-13860/versions/7d4cd3fb388a26fd/files/331f28435c6d78d18f83d16b4c8f87a1cce1fbdd8558b5379743b9361a141c0d 200
[debug] [2025-12-31T15:00:15.398Z] <<< [apiv2][body] POST https://upload-firebasehosting.googleapis.com/upload/sites/mf-p-13860/versions/7d4cd3fb388a26fd/files/331f28435c6d78d18f83d16b4c8f87a1cce1fbdd8558b5379743b9361a141c0d [stream]
[debug] [2025-12-31T15:00:15.412Z] <<< [apiv2][status] POST https://upload-firebasehosting.googleapis.com/upload/sites/mf-p-13860/versions/7d4cd3fb388a26fd/files/bcea96fd96d9bf301873434b2f4498f8157a55c4c5ab5ad6d53d5047477f53f4 200
[debug] [2025-12-31T15:00:15.412Z] <<< [apiv2][body] POST https://upload-firebasehosting.googleapis.com/upload/sites/mf-p-13860/versions/7d4cd3fb388a26fd/files/bcea96fd96d9bf301873434b2f4498f8157a55c4c5ab5ad6d53d5047477f53f4 [stream]
[debug] [2025-12-31T15:00:15.419Z] <<< [apiv2][status] POST https://upload-firebasehosting.googleapis.com/upload/sites/mf-p-13860/versions/7d4cd3fb388a26fd/files/2137ea3089140dea509340e2d8c55957d56dd31b33509cd7d2d4f040ff2d7b30 200
[debug] [2025-12-31T15:00:15.419Z] <<< [apiv2][body] POST https://upload-firebasehosting.googleapis.com/upload/sites/mf-p-13860/versions/7d4cd3fb388a26fd/files/2137ea3089140dea509340e2d8c55957d56dd31b33509cd7d2d4f040ff2d7b30 [stream]
[debug] [2025-12-31T15:00:15.429Z] <<< [apiv2][status] POST https://upload-firebasehosting.googleapis.com/upload/sites/mf-p-13860/versions/7d4cd3fb388a26fd/files/55e2241cd699870e7104d15d86a02f17dfe0de2577018803b9b0ec84f04aaaff 200
[debug] [2025-12-31T15:00:15.429Z] <<< [apiv2][body] POST https://upload-firebasehosting.googleapis.com/upload/sites/mf-p-13860/versions/7d4cd3fb388a26fd/files/55e2241cd699870e7104d15d86a02f17dfe0de2577018803b9b0ec84f04aaaff [stream]
[debug] [2025-12-31T15:00:15.430Z] <<< [apiv2][status] POST https://upload-firebasehosting.googleapis.com/upload/sites/mf-p-13860/versions/7d4cd3fb388a26fd/files/eaf1a0b318b7018e7d47fd2dcf91019c44b1148ed1778e8dc3afc328bbea8384 200
[debug] [2025-12-31T15:00:15.430Z] <<< [apiv2][body] POST https://upload-firebasehosting.googleapis.com/upload/sites/mf-p-13860/versions/7d4cd3fb388a26fd/files/eaf1a0b318b7018e7d47fd2dcf91019c44b1148ed1778e8dc3afc328bbea8384 [stream]
[debug] [2025-12-31T15:00:15.434Z] <<< [apiv2][status] POST https://upload-firebasehosting.googleapis.com/upload/sites/mf-p-13860/versions/7d4cd3fb388a26fd/files/21234862cfe80e0ea4a5666a58c08458b6cb31575e8c27618d6e1ec2a9972f07 200
[debug] [2025-12-31T15:00:15.434Z] <<< [apiv2][body] POST https://upload-firebasehosting.googleapis.com/upload/sites/mf-p-13860/versions/7d4cd3fb388a26fd/files/21234862cfe80e0ea4a5666a58c08458b6cb31575e8c27618d6e1ec2a9972f07 [stream]
[debug] [2025-12-31T15:00:15.441Z] <<< [apiv2][status] POST https://upload-firebasehosting.googleapis.com/upload/sites/mf-p-13860/versions/7d4cd3fb388a26fd/files/5e4fc08b2e9675d49bcfacba4833552dbd17a6cfcc2d660c4376b8c704e2d444 200
[debug] [2025-12-31T15:00:15.441Z] <<< [apiv2][body] POST https://upload-firebasehosting.googleapis.com/upload/sites/mf-p-13860/versions/7d4cd3fb388a26fd/files/5e4fc08b2e9675d49bcfacba4833552dbd17a6cfcc2d660c4376b8c704e2d444 [stream]
[debug] [2025-12-31T15:00:15.442Z] <<< [apiv2][status] POST https://upload-firebasehosting.googleapis.com/upload/sites/mf-p-13860/versions/7d4cd3fb388a26fd/files/869750c2715b081bc299ba23097c3c70374e62e35945c4d09f8fef42dc90911a 200
[debug] [2025-12-31T15:00:15.442Z] <<< [apiv2][body] POST https://upload-firebasehosting.googleapis.com/upload/sites/mf-p-13860/versions/7d4cd3fb388a26fd/files/869750c2715b081bc299ba23097c3c70374e62e35945c4d09f8fef42dc90911a [stream]
[debug] [2025-12-31T15:00:15.448Z] <<< [apiv2][status] POST https://upload-firebasehosting.googleapis.com/upload/sites/mf-p-13860/versions/7d4cd3fb388a26fd/files/e6ac5b8cb6b7d09a2378bbfab03ca2f2048edea155252daaf29091ec0f2d43f9 200
[debug] [2025-12-31T15:00:15.448Z] <<< [apiv2][body] POST https://upload-firebasehosting.googleapis.com/upload/sites/mf-p-13860/versions/7d4cd3fb388a26fd/files/e6ac5b8cb6b7d09a2378bbfab03ca2f2048edea155252daaf29091ec0f2d43f9 [stream]
[debug] [2025-12-31T15:00:15.453Z] <<< [apiv2][status] POST https://upload-firebasehosting.googleapis.com/upload/sites/mf-p-13860/versions/7d4cd3fb388a26fd/files/595103904c00d78d8543ccea6df3e9f4a777096f09bd2031c3ab4a5f9f1edabd 200
[debug] [2025-12-31T15:00:15.454Z] <<< [apiv2][body] POST https://upload-firebasehosting.googleapis.com/upload/sites/mf-p-13860/versions/7d4cd3fb388a26fd/files/595103904c00d78d8543ccea6df3e9f4a777096f09bd2031c3ab4a5f9f1edabd [stream]
[debug] [2025-12-31T15:00:15.455Z] <<< [apiv2][status] POST https://upload-firebasehosting.googleapis.com/upload/sites/mf-p-13860/versions/7d4cd3fb388a26fd/files/5cd80cd2d7eaaaec7c3b73cf102343c78ccbf2075c8cfa6284776d80cfddfe61 200
[debug] [2025-12-31T15:00:15.455Z] <<< [apiv2][body] POST https://upload-firebasehosting.googleapis.com/upload/sites/mf-p-13860/versions/7d4cd3fb388a26fd/files/5cd80cd2d7eaaaec7c3b73cf102343c78ccbf2075c8cfa6284776d80cfddfe61 [stream]
[debug] [2025-12-31T15:00:15.460Z] <<< [apiv2][status] POST https://upload-firebasehosting.googleapis.com/upload/sites/mf-p-13860/versions/7d4cd3fb388a26fd/files/6d5c9a05b6adaa2d0ba414e6bdba66db0fd2ab183b83c418a5f8a0014bccd2d7 200
[debug] [2025-12-31T15:00:15.460Z] <<< [apiv2][body] POST https://upload-firebasehosting.googleapis.com/upload/sites/mf-p-13860/versions/7d4cd3fb388a26fd/files/6d5c9a05b6adaa2d0ba414e6bdba66db0fd2ab183b83c418a5f8a0014bccd2d7 [stream]
[debug] [2025-12-31T15:00:15.471Z] <<< [apiv2][status] POST https://upload-firebasehosting.googleapis.com/upload/sites/mf-p-13860/versions/7d4cd3fb388a26fd/files/9af3acde89d57f78087dc9454f68e384ed35c79bfd6bec8987a76e29eb84bc3f 200
[debug] [2025-12-31T15:00:15.472Z] <<< [apiv2][body] POST https://upload-firebasehosting.googleapis.com/upload/sites/mf-p-13860/versions/7d4cd3fb388a26fd/files/9af3acde89d57f78087dc9454f68e384ed35c79bfd6bec8987a76e29eb84bc3f [stream]
[debug] [2025-12-31T15:00:15.472Z] <<< [apiv2][status] POST https://upload-firebasehosting.googleapis.com/upload/sites/mf-p-13860/versions/7d4cd3fb388a26fd/files/47a1c01f1a08d2a2a4d6fbbe188a6e685a6e404e9d4ff971df0c960564ca3ba6 200
[debug] [2025-12-31T15:00:15.472Z] <<< [apiv2][body] POST https://upload-firebasehosting.googleapis.com/upload/sites/mf-p-13860/versions/7d4cd3fb388a26fd/files/47a1c01f1a08d2a2a4d6fbbe188a6e685a6e404e9d4ff971df0c960564ca3ba6 [stream]
[debug] [2025-12-31T15:00:15.472Z] <<< [apiv2][status] POST https://upload-firebasehosting.googleapis.com/upload/sites/mf-p-13860/versions/7d4cd3fb388a26fd/files/9ec5ccece6944206af23491e510aeedb9a8dcde2384eb1fa2034f4491c5a06ef 200
[debug] [2025-12-31T15:00:15.472Z] <<< [apiv2][body] POST https://upload-firebasehosting.googleapis.com/upload/sites/mf-p-13860/versions/7d4cd3fb388a26fd/files/9ec5ccece6944206af23491e510aeedb9a8dcde2384eb1fa2034f4491c5a06ef [stream]
[debug] [2025-12-31T15:00:15.473Z] <<< [apiv2][status] POST https://upload-firebasehosting.googleapis.com/upload/sites/mf-p-13860/versions/7d4cd3fb388a26fd/files/ad9e4313c30895338fb34d8f255a7a3233817430f6726d7ac79619902f71ef45 200
[debug] [2025-12-31T15:00:15.473Z] <<< [apiv2][body] POST https://upload-firebasehosting.googleapis.com/upload/sites/mf-p-13860/versions/7d4cd3fb388a26fd/files/ad9e4313c30895338fb34d8f255a7a3233817430f6726d7ac79619902f71ef45 [stream]
[debug] [2025-12-31T15:00:15.476Z] <<< [apiv2][status] POST https://upload-firebasehosting.googleapis.com/upload/sites/mf-p-13860/versions/7d4cd3fb388a26fd/files/b5ddde029f3acb983b38c11bce7bde52abcc5e70e979e118dae2504fcad68216 200
[debug] [2025-12-31T15:00:15.476Z] <<< [apiv2][body] POST https://upload-firebasehosting.googleapis.com/upload/sites/mf-p-13860/versions/7d4cd3fb388a26fd/files/b5ddde029f3acb983b38c11bce7bde52abcc5e70e979e118dae2504fcad68216 [stream]
[debug] [2025-12-31T15:00:15.486Z] <<< [apiv2][status] POST https://upload-firebasehosting.googleapis.com/upload/sites/mf-p-13860/versions/7d4cd3fb388a26fd/files/f6a7511fc5e441c21734464f5e67a31b004418fbefa81f7e193b8e50b955243c 200
[debug] [2025-12-31T15:00:15.486Z] <<< [apiv2][body] POST https://upload-firebasehosting.googleapis.com/upload/sites/mf-p-13860/versions/7d4cd3fb388a26fd/files/f6a7511fc5e441c21734464f5e67a31b004418fbefa81f7e193b8e50b955243c [stream]
[debug] [2025-12-31T15:00:15.492Z] <<< [apiv2][status] POST https://upload-firebasehosting.googleapis.com/upload/sites/mf-p-13860/versions/7d4cd3fb388a26fd/files/7f42e52ee333bf4733eb762808cd5202498ec02a0d4864401457cb8b9dce03b1 200
[debug] [2025-12-31T15:00:15.492Z] <<< [apiv2][body] POST https://upload-firebasehosting.googleapis.com/upload/sites/mf-p-13860/versions/7d4cd3fb388a26fd/files/7f42e52ee333bf4733eb762808cd5202498ec02a0d4864401457cb8b9dce03b1 [stream]
[debug] [2025-12-31T15:00:15.508Z] <<< [apiv2][status] POST https://upload-firebasehosting.googleapis.com/upload/sites/mf-p-13860/versions/7d4cd3fb388a26fd/files/c7c16f684bf025e8412ba69b290e5b77a14b1c225624e69389ebd7ddf22176a7 200
[debug] [2025-12-31T15:00:15.509Z] <<< [apiv2][body] POST https://upload-firebasehosting.googleapis.com/upload/sites/mf-p-13860/versions/7d4cd3fb388a26fd/files/c7c16f684bf025e8412ba69b290e5b77a14b1c225624e69389ebd7ddf22176a7 [stream]
[debug] [2025-12-31T15:00:15.535Z] <<< [apiv2][status] POST https://upload-firebasehosting.googleapis.com/upload/sites/mf-p-13860/versions/7d4cd3fb388a26fd/files/e32f562ed1d47d86289e57fb887fca464f35fa653b83fd6c70b153acbe201454 200
[debug] [2025-12-31T15:00:15.535Z] <<< [apiv2][body] POST https://upload-firebasehosting.googleapis.com/upload/sites/mf-p-13860/versions/7d4cd3fb388a26fd/files/e32f562ed1d47d86289e57fb887fca464f35fa653b83fd6c70b153acbe201454 [stream]
[debug] [2025-12-31T15:00:15.553Z] <<< [apiv2][status] POST https://upload-firebasehosting.googleapis.com/upload/sites/mf-p-13860/versions/7d4cd3fb388a26fd/files/2cebd66fc6a927bcdaf9fe0bbf63f6e579b375a5751dc0f8fc32fcae094757cf 200
[debug] [2025-12-31T15:00:15.553Z] <<< [apiv2][body] POST https://upload-firebasehosting.googleapis.com/upload/sites/mf-p-13860/versions/7d4cd3fb388a26fd/files/2cebd66fc6a927bcdaf9fe0bbf63f6e579b375a5751dc0f8fc32fcae094757cf [stream]
[debug] [2025-12-31T15:00:15.565Z] <<< [apiv2][status] POST https://upload-firebasehosting.googleapis.com/upload/sites/mf-p-13860/versions/7d4cd3fb388a26fd/files/70ea315426c88bd2100e03be81ab7f4b9463e6ba0530803a6bf03a5ffb0b29c8 200
[debug] [2025-12-31T15:00:15.565Z] <<< [apiv2][body] POST https://upload-firebasehosting.googleapis.com/upload/sites/mf-p-13860/versions/7d4cd3fb388a26fd/files/70ea315426c88bd2100e03be81ab7f4b9463e6ba0530803a6bf03a5ffb0b29c8 [stream]
[debug] [2025-12-31T15:00:15.585Z] <<< [apiv2][status] POST https://upload-firebasehosting.googleapis.com/upload/sites/mf-p-13860/versions/7d4cd3fb388a26fd/files/4b2d044107f1e8a622686bd050fc3cc1eebc66657bec5b3b5e4a904b2aafd17e 200
[debug] [2025-12-31T15:00:15.585Z] <<< [apiv2][body] POST https://upload-firebasehosting.googleapis.com/upload/sites/mf-p-13860/versions/7d4cd3fb388a26fd/files/4b2d044107f1e8a622686bd050fc3cc1eebc66657bec5b3b5e4a904b2aafd17e [stream]
[debug] [2025-12-31T15:00:15.587Z] <<< [apiv2][status] POST https://upload-firebasehosting.googleapis.com/upload/sites/mf-p-13860/versions/7d4cd3fb388a26fd/files/dc991448deddff99956b887957a611dce7b9e91429238549ad7ddc7f02a5a27e 200
[debug] [2025-12-31T15:00:15.587Z] <<< [apiv2][body] POST https://upload-firebasehosting.googleapis.com/upload/sites/mf-p-13860/versions/7d4cd3fb388a26fd/files/dc991448deddff99956b887957a611dce7b9e91429238549ad7ddc7f02a5a27e [stream]
[debug] [2025-12-31T15:00:15.613Z] <<< [apiv2][status] POST https://upload-firebasehosting.googleapis.com/upload/sites/mf-p-13860/versions/7d4cd3fb388a26fd/files/1e4675283fc8f15aebd455200c0af1f0a27729bedeb2b3546d396da8db7311b7 200
[debug] [2025-12-31T15:00:15.613Z] <<< [apiv2][body] POST https://upload-firebasehosting.googleapis.com/upload/sites/mf-p-13860/versions/7d4cd3fb388a26fd/files/1e4675283fc8f15aebd455200c0af1f0a27729bedeb2b3546d396da8db7311b7 [stream]
[debug] [2025-12-31T15:00:15.632Z] <<< [apiv2][status] POST https://upload-firebasehosting.googleapis.com/upload/sites/mf-p-13860/versions/7d4cd3fb388a26fd/files/52747b80de9768dec47055f146d93148bcdbc7810206e27c598b23ef205977d5 200
[debug] [2025-12-31T15:00:15.632Z] <<< [apiv2][body] POST https://upload-firebasehosting.googleapis.com/upload/sites/mf-p-13860/versions/7d4cd3fb388a26fd/files/52747b80de9768dec47055f146d93148bcdbc7810206e27c598b23ef205977d5 [stream]
[debug] [2025-12-31T15:00:15.639Z] <<< [apiv2][status] POST https://upload-firebasehosting.googleapis.com/upload/sites/mf-p-13860/versions/7d4cd3fb388a26fd/files/20a1f46748a401487edb21d4f549439eb566e41f5f9e175279524a17cb994e13 200
[debug] [2025-12-31T15:00:15.640Z] <<< [apiv2][body] POST https://upload-firebasehosting.googleapis.com/upload/sites/mf-p-13860/versions/7d4cd3fb388a26fd/files/20a1f46748a401487edb21d4f549439eb566e41f5f9e175279524a17cb994e13 [stream]
[debug] [2025-12-31T15:00:15.641Z] <<< [apiv2][status] POST https://upload-firebasehosting.googleapis.com/upload/sites/mf-p-13860/versions/7d4cd3fb388a26fd/files/66fb28d68f14de1493390fe563fa31fb9759905dea7da873fc107b419d87772f 200
[debug] [2025-12-31T15:00:15.641Z] <<< [apiv2][body] POST https://upload-firebasehosting.googleapis.com/upload/sites/mf-p-13860/versions/7d4cd3fb388a26fd/files/66fb28d68f14de1493390fe563fa31fb9759905dea7da873fc107b419d87772f [stream]
[debug] [2025-12-31T15:00:15.642Z] <<< [apiv2][status] POST https://upload-firebasehosting.googleapis.com/upload/sites/mf-p-13860/versions/7d4cd3fb388a26fd/files/4e803ba38ff0c91a3291c43f77d8f2c3dd9d2b13332eeecbab25dc2bf8e74923 200
[debug] [2025-12-31T15:00:15.642Z] <<< [apiv2][body] POST https://upload-firebasehosting.googleapis.com/upload/sites/mf-p-13860/versions/7d4cd3fb388a26fd/files/4e803ba38ff0c91a3291c43f77d8f2c3dd9d2b13332eeecbab25dc2bf8e74923 [stream]
[debug] [2025-12-31T15:00:15.654Z] <<< [apiv2][status] POST https://upload-firebasehosting.googleapis.com/upload/sites/mf-p-13860/versions/7d4cd3fb388a26fd/files/cba72d65046c09f670a101593162424b12ab21210746f048cc73c3a71677060d 200
[debug] [2025-12-31T15:00:15.654Z] <<< [apiv2][body] POST https://upload-firebasehosting.googleapis.com/upload/sites/mf-p-13860/versions/7d4cd3fb388a26fd/files/cba72d65046c09f670a101593162424b12ab21210746f048cc73c3a71677060d [stream]
[debug] [2025-12-31T15:00:15.664Z] <<< [apiv2][status] POST https://upload-firebasehosting.googleapis.com/upload/sites/mf-p-13860/versions/7d4cd3fb388a26fd/files/8ecfd79c124f57a79cd2b4bde0e9754d1ef5f794a2490cef0b67ec04e2e9efa4 200
[debug] [2025-12-31T15:00:15.664Z] <<< [apiv2][body] POST https://upload-firebasehosting.googleapis.com/upload/sites/mf-p-13860/versions/7d4cd3fb388a26fd/files/8ecfd79c124f57a79cd2b4bde0e9754d1ef5f794a2490cef0b67ec04e2e9efa4 [stream]
[debug] [2025-12-31T15:00:15.671Z] <<< [apiv2][status] POST https://upload-firebasehosting.googleapis.com/upload/sites/mf-p-13860/versions/7d4cd3fb388a26fd/files/6b4c2bdd7be2330bf898e517373b92d301cb2a4cb9eb0c4d362444460e62e8c4 200
[debug] [2025-12-31T15:00:15.671Z] <<< [apiv2][body] POST https://upload-firebasehosting.googleapis.com/upload/sites/mf-p-13860/versions/7d4cd3fb388a26fd/files/6b4c2bdd7be2330bf898e517373b92d301cb2a4cb9eb0c4d362444460e62e8c4 [stream]
[debug] [2025-12-31T15:00:15.690Z] <<< [apiv2][status] POST https://upload-firebasehosting.googleapis.com/upload/sites/mf-p-13860/versions/7d4cd3fb388a26fd/files/2501bd3d1cce32fa4c69110cd543d08d136ea7dce4c722c5a6108476c44e3790 200
[debug] [2025-12-31T15:00:15.690Z] <<< [apiv2][body] POST https://upload-firebasehosting.googleapis.com/upload/sites/mf-p-13860/versions/7d4cd3fb388a26fd/files/2501bd3d1cce32fa4c69110cd543d08d136ea7dce4c722c5a6108476c44e3790 [stream]
[debug] [2025-12-31T15:00:15.699Z] <<< [apiv2][status] POST https://upload-firebasehosting.googleapis.com/upload/sites/mf-p-13860/versions/7d4cd3fb388a26fd/files/0c66e05e939fa26be1b27b6e4c4cac0105b3ca84d37278802f28b3e00b4c1242 200
[debug] [2025-12-31T15:00:15.699Z] <<< [apiv2][body] POST https://upload-firebasehosting.googleapis.com/upload/sites/mf-p-13860/versions/7d4cd3fb388a26fd/files/0c66e05e939fa26be1b27b6e4c4cac0105b3ca84d37278802f28b3e00b4c1242 [stream]
[debug] [2025-12-31T15:00:15.717Z] <<< [apiv2][status] POST https://upload-firebasehosting.googleapis.com/upload/sites/mf-p-13860/versions/7d4cd3fb388a26fd/files/f1ac5c825d15e70f65e9ebe1f7647be6e837c0ec9b4706072c6f4d558b8e1eb6 200
[debug] [2025-12-31T15:00:15.717Z] <<< [apiv2][body] POST https://upload-firebasehosting.googleapis.com/upload/sites/mf-p-13860/versions/7d4cd3fb388a26fd/files/f1ac5c825d15e70f65e9ebe1f7647be6e837c0ec9b4706072c6f4d558b8e1eb6 [stream]
[debug] [2025-12-31T15:00:15.718Z] <<< [apiv2][status] POST https://upload-firebasehosting.googleapis.com/upload/sites/mf-p-13860/versions/7d4cd3fb388a26fd/files/29513026ce4c57ddeb4fd623d8ceb41d4fd9d304599314a788ebb66772bddee6 200
[debug] [2025-12-31T15:00:15.718Z] <<< [apiv2][body] POST https://upload-firebasehosting.googleapis.com/upload/sites/mf-p-13860/versions/7d4cd3fb388a26fd/files/29513026ce4c57ddeb4fd623d8ceb41d4fd9d304599314a788ebb66772bddee6 [stream]
[debug] [2025-12-31T15:00:15.825Z] <<< [apiv2][status] POST https://upload-firebasehosting.googleapis.com/upload/sites/mf-p-13860/versions/7d4cd3fb388a26fd/files/c09fc3639f5df1e6ae47f26e19cb575dc254eb69acb144721e6b2d4b1959d19b 200
[debug] [2025-12-31T15:00:15.825Z] <<< [apiv2][body] POST https://upload-firebasehosting.googleapis.com/upload/sites/mf-p-13860/versions/7d4cd3fb388a26fd/files/c09fc3639f5df1e6ae47f26e19cb575dc254eb69acb144721e6b2d4b1959d19b [stream]
[debug] [2025-12-31T15:00:16.056Z] <<< [apiv2][status] POST https://upload-firebasehosting.googleapis.com/upload/sites/mf-p-13860/versions/7d4cd3fb388a26fd/files/23d563b725a359fef47c2515584f5a5385bc2284ee47af7bafb1bdd54c86c9b2 200
[debug] [2025-12-31T15:00:16.057Z] <<< [apiv2][body] POST https://upload-firebasehosting.googleapis.com/upload/sites/mf-p-13860/versions/7d4cd3fb388a26fd/files/23d563b725a359fef47c2515584f5a5385bc2284ee47af7bafb1bdd54c86c9b2 [stream]
[debug] [2025-12-31T15:00:16.061Z] <<< [apiv2][status] POST https://upload-firebasehosting.googleapis.com/upload/sites/mf-p-13860/versions/7d4cd3fb388a26fd/files/c81681f31bacbdc8f8708dab3695c8d6f7aae092e8301c15382bf69a9822d24e 200
[debug] [2025-12-31T15:00:16.061Z] <<< [apiv2][body] POST https://upload-firebasehosting.googleapis.com/upload/sites/mf-p-13860/versions/7d4cd3fb388a26fd/files/c81681f31bacbdc8f8708dab3695c8d6f7aae092e8301c15382bf69a9822d24e [stream]
[debug] [2025-12-31T15:00:16.071Z] <<< [apiv2][status] POST https://upload-firebasehosting.googleapis.com/upload/sites/mf-p-13860/versions/7d4cd3fb388a26fd/files/97ceba0509d9414e7b093e79f4b0256b112201508773f12551cba79ef17bc3b5 200
[debug] [2025-12-31T15:00:16.071Z] <<< [apiv2][body] POST https://upload-firebasehosting.googleapis.com/upload/sites/mf-p-13860/versions/7d4cd3fb388a26fd/files/97ceba0509d9414e7b093e79f4b0256b112201508773f12551cba79ef17bc3b5 [stream]
[debug] [2025-12-31T15:00:16.319Z] <<< [apiv2][status] POST https://upload-firebasehosting.googleapis.com/upload/sites/mf-p-13860/versions/7d4cd3fb388a26fd/files/3af6b578f9b578ca63df7eaf5c388263e2bb6550e22a1ccaa3d9759a32cae3c6 200
[debug] [2025-12-31T15:00:16.319Z] <<< [apiv2][body] POST https://upload-firebasehosting.googleapis.com/upload/sites/mf-p-13860/versions/7d4cd3fb388a26fd/files/3af6b578f9b578ca63df7eaf5c388263e2bb6550e22a1ccaa3d9759a32cae3c6 [stream]
[debug] [2025-12-31T15:00:16.685Z] <<< [apiv2][status] POST https://upload-firebasehosting.googleapis.com/upload/sites/mf-p-13860/versions/7d4cd3fb388a26fd/files/b73079f674b437182bf59063e1d38060d7b28883d9c319a65b45b35f9a70d24f 200
[debug] [2025-12-31T15:00:16.685Z] <<< [apiv2][body] POST https://upload-firebasehosting.googleapis.com/upload/sites/mf-p-13860/versions/7d4cd3fb388a26fd/files/b73079f674b437182bf59063e1d38060d7b28883d9c319a65b45b35f9a70d24f [stream]
[debug] [2025-12-31T15:00:16.685Z] [hosting][upload queue][FINAL] {"max":2701,"min":1299,"avg":1580.2105263157894,"active":0,"complete":57,"success":57,"errored":0,"retried":0,"total":57,"elapsed":2711}
[info] +  hosting[mf-p-13860]: file upload complete 
[debug] [2025-12-31T15:00:16.686Z] [hosting] deploy completed after 3489ms
[debug] [2025-12-31T15:00:16.686Z] [
  {
    "config": {
      "public": "out",
      "ignore": [
        "firebase.json",
        "**/.*",
        "**/node_modules/**"
      ],
      "cleanUrls": true,
      "trailingSlash": true,
      "rewrites": [
        {
          "source": "**",
          "destination": "/index.html"
        }
      ],
      "site": "mf-p-13860"
    },
    "version": "projects/113893156292/sites/mf-p-13860/versions/7d4cd3fb388a26fd"
  }
]
[info] i  hosting[mf-p-13860]: finalizing version... 
[debug] [2025-12-31T15:00:16.687Z] Checked if tokens are valid: true, expires at: 1767196396026
[debug] [2025-12-31T15:00:16.687Z] Checked if tokens are valid: true, expires at: 1767196396026
[debug] [2025-12-31T15:00:16.688Z] >>> [apiv2][query] PATCH https://firebasehosting.googleapis.com/v1beta1/projects/-/sites/mf-p-13860/versions/7d4cd3fb388a26fd updateMask=status%2Cconfig
[debug] [2025-12-31T15:00:16.688Z] >>> [apiv2][body] PATCH https://firebasehosting.googleapis.com/v1beta1/projects/-/sites/mf-p-13860/versions/7d4cd3fb388a26fd {"status":"FINALIZED","config":{"rewrites":[{"glob":"**","path":"/index.html"}],"cleanUrls":true,"trailingSlashBehavior":"ADD"}}
[debug] [2025-12-31T15:00:17.027Z] <<< [apiv2][status] PATCH https://firebasehosting.googleapis.com/v1beta1/projects/-/sites/mf-p-13860/versions/7d4cd3fb388a26fd 200
[debug] [2025-12-31T15:00:17.027Z] <<< [apiv2][body] PATCH https://firebasehosting.googleapis.com/v1beta1/projects/-/sites/mf-p-13860/versions/7d4cd3fb388a26fd {"name":"projects/113893156292/sites/mf-p-13860/versions/7d4cd3fb388a26fd","status":"FINALIZED","config":{"rewrites":[{"glob":"**","path":"/index.html"}],"cleanUrls":true,"trailingSlashBehavior":"ADD"},"labels":{"deployment-tool":"cli-firebase"},"createTime":"2025-12-31T15:00:10.967032Z","createUser":{"email":"thakuraadarsh1@gmail.com"},"finalizeTime":"2025-12-31T15:00:15.066116Z","finalizeUser":{"email":"thakuraadarsh1@gmail.com"}}
[debug] [2025-12-31T15:00:17.027Z] [hosting] finalized version for mf-p-13860:[object Object]
[info] +  hosting[mf-p-13860]: version finalized 
[info] i  hosting[mf-p-13860]: releasing new version... 
[debug] [2025-12-31T15:00:17.028Z] Checked if tokens are valid: true, expires at: 1767196396026
[debug] [2025-12-31T15:00:17.028Z] Checked if tokens are valid: true, expires at: 1767196396026
[debug] [2025-12-31T15:00:17.028Z] >>> [apiv2][query] POST https://firebasehosting.googleapis.com/v1beta1/projects/-/sites/mf-p-13860/channels/live/releases versionName=projects%2F113893156292%2Fsites%2Fmf-p-13860%2Fversions%2F7d4cd3fb388a26fd
[debug] [2025-12-31T15:00:17.028Z] >>> [apiv2][body] POST https://firebasehosting.googleapis.com/v1beta1/projects/-/sites/mf-p-13860/channels/live/releases {}
[debug] [2025-12-31T15:00:17.426Z] <<< [apiv2][status] POST https://firebasehosting.googleapis.com/v1beta1/projects/-/sites/mf-p-13860/channels/live/releases 200
[debug] [2025-12-31T15:00:17.426Z] <<< [apiv2][body] POST https://firebasehosting.googleapis.com/v1beta1/projects/-/sites/mf-p-13860/channels/live/releases {"name":"projects/113893156292/sites/mf-p-13860/channels/live/releases/1767193214903000","version":{"name":"projects/113893156292/sites/mf-p-13860/versions/7d4cd3fb388a26fd","status":"FINALIZED","config":{"rewrites":[{"glob":"**","path":"/index.html"}],"cleanUrls":true,"trailingSlashBehavior":"ADD"},"labels":{"deployment-tool":"cli-firebase"},"createTime":"2025-12-31T15:00:10.967032Z","createUser":{"email":"thakuraadarsh1@gmail.com","imageUrl":"https://lh3.googleusercontent.com/a/ACg8ocJ_mzVZViBzFX0iLgHufeiVmNkd2YDBCpnSzLHdVcSVwWf5R6S-"},"finalizeTime":"2025-12-31T15:00:15.066116Z","finalizeUser":{"email":"thakuraadarsh1@gmail.com","imageUrl":"https://lh3.googleusercontent.com/a/ACg8ocJ_mzVZViBzFX0iLgHufeiVmNkd2YDBCpnSzLHdVcSVwWf5R6S-"}},"type":"DEPLOY","releaseTime":"2025-12-31T15:00:14.903Z","releaseUser":{"email":"thakuraadarsh1@gmail.com","imageUrl":"https://lh3.googleusercontent.com/a/ACg8ocJ_mzVZViBzFX0iLgHufeiVmNkd2YDBCpnSzLHdVcSVwWf5R6S-"}}
[debug] [2025-12-31T15:00:17.426Z] [hosting] release: {"name":"projects/113893156292/sites/mf-p-13860/channels/live/releases/1767193214903000","version":{"name":"projects/113893156292/sites/mf-p-13860/versions/7d4cd3fb388a26fd","status":"FINALIZED","config":{"rewrites":[{"glob":"**","path":"/index.html"}],"cleanUrls":true,"trailingSlashBehavior":"ADD"},"labels":{"deployment-tool":"cli-firebase"},"createTime":"2025-12-31T15:00:10.967032Z","createUser":{"email":"thakuraadarsh1@gmail.com","imageUrl":"https://lh3.googleusercontent.com/a/ACg8ocJ_mzVZViBzFX0iLgHufeiVmNkd2YDBCpnSzLHdVcSVwWf5R6S-"},"finalizeTime":"2025-12-31T15:00:15.066116Z","finalizeUser":{"email":"thakuraadarsh1@gmail.com","imageUrl":"https://lh3.googleusercontent.com/a/ACg8ocJ_mzVZViBzFX0iLgHufeiVmNkd2YDBCpnSzLHdVcSVwWf5R6S-"}},"type":"DEPLOY","releaseTime":"2025-12-31T15:00:14.903Z","releaseUser":{"email":"thakuraadarsh1@gmail.com","imageUrl":"https://lh3.googleusercontent.com/a/ACg8ocJ_mzVZViBzFX0iLgHufeiVmNkd2YDBCpnSzLHdVcSVwWf5R6S-"}}
[info] +  hosting[mf-p-13860]: release complete 
[info] 
[info] +  Deploy complete! 
[info] 
[info] Project Console: https://console.firebase.google.com/project/mf-p-13860/overview
[info] Hosting URL: https://mf-p-13860.web.app
[debug] [2025-12-31T15:00:22.564Z] Error: Timed out.
    at Timeout._onTimeout (C:\Users\thaku\AppData\Roaming\npm\node_modules\firebase-tools\lib\utils.js:275:49)
    at listOnTimeout (node:internal/timers:588:17)
    at process.processTimers (node:internal/timers:523:7)
[error] 
[error] Error: An unexpected error has occurred.
